✅ CLIENTE CONECTADO E PRONTO! Robô Duda Funcionando!
✅ CLIENTE CONECTADO E PRONTO! Robô Duda Funcionando!
✅ CLIENTE CONECTADO E PRONTO! Robô Duda Funcionando!
✅ CLIENTE CONECTADO E PRONTO! Robô Duda Funcionando!
✅ CLIENTE CONECTADO E PRONTO! Robô Duda Funcionando!
✅ CLIENTE CONECTADO E PRONTO! Robô Duda Funcionando!
✅ CLIENTE CONECTADO E PRONTO! Robô Duda Funcionando!
✅ CLIENTE CONECTADO E PRONTO! Robô Duda Funcionando!
✅ CLIENTE CONECTADO E PRONTO! Robô Duda Funcionando!
✅ CLIENTE CONECTADO E PRONTO! Robô Duda Funcionando!
✅ CLIENTE CONECTADO E PRONTO! Robô Duda Funcionando!
✅ CLIENTE CONECTADO E PRONTO! Robô Duda Funcionando!
✅ CLIENTE CONECTADO E PRONTO! Robô Duda Funcionando!
✅ CLIENTE CONECTADO E PRONTO! Robô Duda Funcionando!
✅ CLIENTE CONECTADO E PRONTO! Robô Duda Funcionando!
✅ CLIENTE CONECTADO E PRONTO! Robô Duda Funcionando!
✅ CLIENTE CONECTADO E PRONTO! Robô Duda Funcionando!
✅ CLIENTE CONECTADO E PRONTO! Robô Duda Funcionando!
✅ CLIENTE CONECTADO E PRONTO! Robô Duda Funcionando!
✅ CLIENTE CONECTADO E PRONTO! Robô Duda Funcionando!
✅ CLIENTE CONECTADO E PRONTO! Robô Duda Funcionando!
✅ CLIENTE CONECTADO E PRONTO! Robô Duda Funcionando!
✅ CLIENTE CONECTADO E PRONTO! Robô Duda Funcionando!
✅ CLIENTE CONECTADO E PRONTO! Robô Duda Funcionando!
✅ CLIENTE CONECTADO E PRONTO! Robô Duda Funcionando!
✅ CLIENTE CONECTADO E PRONTO! Robô Duda Funcionando!
✅ CLIENTE CONECTADO E PRONTO! Robô Duda Funcionando!
✅ CLIENTE CONECTADO E PRONTO! Robô Duda Funcionando!
✅ CLIENTE CONECTADO E PRONTO! Robô Duda Funcionando!
✅ CLIENTE CONECTADO E PRONTO! Robô Duda Funcionando! (Indexação V6.16 Ativa)
✅ CLIENTE CONECTADO E PRONTO! Robô Duda Funcionando! (Indexação V6.17 Ativa)
✅ CLIENTE CONECTADO E PRONTO! Robô Duda Funcionando! (Saudação Inteligente V6.18 Ativa)
✅ CLIENTE CONECTADO E PRONTO! Robô Duda Funcionando! (Histórico de Saudação V6.19 Ativa)
✅ CLIENTE CONECTADO E PRONTO! Robô Duda Funcionando! (Menu Interativo V6.20 Ativa)
✅ CLIENTE CONECTADO E PRONTO! Robô Duda Funcionando! (Coleta de Dados V6.21 Ativa)
✅ CLIENTE CONECTADO E PRONTO! Robô Duda Funcionando! (Reconhecimento Dinâmico de Cursos V6.24 Ativa)
[V6.27] Arquivo de histórico não encontrado. Iniciando novo.
✅ CLIENTE CONECTADO E PRONTO! Robô Duda Funcionando! (Persistência e Logs V6.27 Ativa)
[V6.27] Arquivo de histórico não encontrado. Iniciando novo.
✅ CLIENTE CONECTADO E PRONTO! Robô Duda Funcionando! (Persistência e Logs V6.27 Ativa)
[V6.27] Arquivo de histórico não encontrado. Iniciando novo.
✅ CLIENTE CONECTADO E PRONTO! Robô Duda Funcionando! (Persistência e Logs V6.27 Ativa)
[V6.27] Arquivo de histórico não encontrado. Iniciando novo.
[V6.27] Arquivo de histórico não encontrado. Iniciando novo.
✅ CLIENTE CONECTADO E PRONTO! Robô Duda Funcionando! (Persistência e Logs V6.27 Ativa)
[V6.27] Histórico carregado com sucesso. 1 chats persistidos.
✅ CLIENTE CONECTADO E PRONTO! Robô Duda Funcionando! (Persistência e Logs V6.27 Ativa)
[V6.27] Histórico carregado com sucesso. 1 chats persistidos.
[V6.27] Histórico carregado com sucesso. 1 chats persistidos.
✅ CLIENTE CONECTADO E PRONTO! Robô Duda Funcionando! (Persistência e Logs V6.27 Ativa)
[V6.27] Histórico carregado com sucesso. 1 chats persistidos.
✅ CLIENTE CONECTADO E PRONTO! Robô Duda Funcionando! (Persistência e Logs V6.27 Ativa)
[V6.27] Histórico carregado com sucesso. 1 chats persistidos.
✅ CLIENTE CONECTADO E PRONTO! Robô Duda Funcionando! (Persistência e Logs V6.27 Ativa)
[V6.27] Histórico carregado com sucesso. 2 chats persistidos.
✅ CLIENTE CONECTADO E PRONTO! Robô Duda Funcionando! (Persistência e Logs V6.27 Ativa)
[V6.27] Histórico carregado com sucesso. 3 chats persistidos.
✅ CLIENTE CONECTADO E PRONTO! Robô Duda Funcionando! (Persistência e Logs V6.27 Ativa)
[V6.27] Histórico carregado com sucesso. 3 chats persistidos.
✅ CLIENTE CONECTADO E PRONTO! Robô Duda Funcionando! (Persistência e Logs V6.27 Ativa)
[V6.27] Histórico carregado com sucesso. 4 chats persistidos.
✅ CLIENTE CONECTADO E PRONTO! Robô Duda Funcionando! (Persistência e Logs V6.27 Ativa)
[V6.34] Arquivo de histórico não encontrado. Iniciando novo.
▄▄▄▄▄▄▄▄▄▄▄▄▄▄▄▄▄▄▄▄▄▄▄▄▄▄▄▄▄▄▄▄▄▄▄▄▄▄▄▄▄▄▄▄▄▄▄▄▄▄▄▄▄▄▄▄▄▄▄
█ ▄▄▄▄▄ █▀█▀▀  ▀ ▄▀▀▄▄▄█▄ ▀ ▀▀▄▄█▀  ▀▄▄ █▀▄▄▄▄█▄ ██ ▄▄▄▄▄ █
█ █   █ █▄▀█▄ ███▄▄█▀▄█▄▄▄██▄▄▄▄█▄▀ ▄█▄▀▄▄▄███▀▄ ██ █   █ █
█ █▄▄▄█ █  ▄  █▀███ ▀█▄█▀▄  ▄▄▄ █▄█▀ ▄▀▄█ ▄ ▀█ ▀▄██ █▄▄▄█ █
█▄▄▄▄▄▄▄█ ▀▄▀ █ ▀ ▀▄▀ █▄▀▄█ █▄█ ▀▄█▄█ ▀▄█ █▄▀▄▀▄█ █▄▄▄▄▄▄▄█
█▄ █ ▀█▄ ▀ ▀ ▀ ▀█▄█ █▄▄ ▀█  ▄▄▄▄██ ▄▄ ▀█  █▄▄▀▄▄ ██▄ ▄▀▄▄██
█▄███ █▄ ▄██▀▄▀███▀▄▄▄  █ █ █▄▀▀  ▀ ▀▀ ▀▀██ █ █▄█▀█▀█▀▀██▄█
█▄▀▀▄▄▄▄ ▄█ ▄ ▄██▀█▄ ▄ ▀██▀▄▄ █▀▄▄▄ ▄▄ █▄  █▄▄▄ ██ █▀▄▀▄▀▀█
█▀▀▄   ▄▄▄██▀█▀▄ █▄  ▄▀▄▀█▄▄▀█  ▀  ▀▄  ▄█▀▀██  ▀▄█▄█▄▀██▀██
█▄  ▄█▄▄▄█▀ ▀▄▀ █▄▀ ▄▀ ▀▄█    ▀██▄ █▄▄█▀ █ █▀ ▄▄▄█▄  ▀▀▄  █
█▄▄▀▄▀▄▄█▄▄  █▀▄▄█▄█ ▄▄ ▀  █▄██▄▄ ▄▀▄ ▀█▀▄███ █▄▀ ▀▄█ ▄▄ ▄█
██ █▀█▀▄▀▀▄▄ ████ █  █  ▄ █▀ ▄██ █▄█▄▄▄█▄▄▄█▄██▄▀█▄█▄▄ ▄█▀█
█▀▀ ▄▀▄▄███  ▀███ ██▀ ▀▀▀▀▄█▄ █  ▀▄ █ █▄▀█▀ █▄ ▀▄▄ ▀█▀▄▄▄▄█
█▄ █▄▀▀▄▄ █▀ █  ▄ ▄ ██ ▄ █▀ █▄▄█▄▀▀ ▄▄ █▄▄ ▄  ▄▀▄▄██ ▄▀█▄██
█▄▄ ▄ ▄▄▄  ▄▄▀█▄██▀▀▄▀█▄▀ █ ▄▄▄ ▄  █▄ █▄▄█▀▀██  █ ▄▄▄ ▄▄ ██
█▄█ █ █▄█ █▀ ██ ▄█▄██ ██▀█▄ █▄█ █▄██▄▄█▀ █▀▄▀▄ █▀ █▄█ ▄ ███
█▀     ▄▄ ▄▀▄ █▄▀▀█▄▄ ▄▀▄██ ▄▄ ▄▄▄██▄ ▄ ▄ █▀▀▄ ██   ▄  █▄▄█
█ ▀ ▄▀▄▄█▀▄██ ▄ ███  ▄▄▄▀█  ▄▄▄▄▄█ ▄▀ ▄█ ▄▄▄▄█▄█ ████▄██▀██
██▀▀▀▄▀▄▄▀ ▄█▀▄ ▄▄██▄▀▀ █▄▀▄▄▄▀▄▄▄▀▄ ▄ █ ▀ ▀▀ ▀█▀▀█▄  ▀██ █
█ ▄▀█  ▄▄██▄▄███  ▄▄▀  ▄ ▄▄▄  ▄▄█▄▄▀▄ ▀▄▄▄█▄   ▀▀██ █▀▀ ▄ █
█▄▀▀▄▀█▄█▄  █ ▀█ ▄█ █ ▄ ▀▄ ▄ ▄█ █▄▀▄ ▄▄ ▀▄  █ ▄█▀▀▀▀▄▀▀█ ▄█
█▄▄█ █ ▄ ▀▀▀▄▀█▄ ▄▄▄▀▀▄█▀█ ▄█▄▀▀▄  █▄▄█▀▄▀ ▄▄▄▄▄█▄▀ ██ █ ▄█
█▄ ▄  ▀▄█ ▄ █▀▄ ▀██▄ ▄ █▄██ ▄▀ ▄▀ █▄▄▀█▄▄▄  ▀▄█▀▀ ▄ ▀▄ ▄  █
█▄▀▄▀██▄▄ ▀▄ ▄▀▄█▄▄▄█▄ █▀█ ███ ▀ █▄▄█▄█▄▀▄ █ █ ▄▄▀█▄█▄▀██▄█
█ ▀ ▀▀▄▄▄█▄ █▄▀▀█▄ ▄▀▀▀█▀▄ █ ▄▄  █▄ ▀ █ ▀▀▄▀  ▄▄▀ ▄▄▀███▀ █
███████▄█▀█▄▄▄▀█ ▀▄▄ ▄  ▄█▀ ▄▄▄ ▄▄█ ▄▄▀█▄▄██▄ █ █ ▄▄▄  ▀▀██
█ ▄▄▄▄▄ █▄   ▀▄▄ █▀ ▀▀█   ▀ █▄█  ▀▄█▄ ▀ █▄▀ ▀█▄█▀ █▄█ █▄ ▀█
█ █   █ █▀█ ▄ █▀█▀ ▄▀ ▄█▀ █ ▄   ▀▄▄▄  █ ▄▀▀▄█ ██▄  ▄  ▀▄ ▀█
█ █▄▄▄█ █▀  █ ▀▀██▀█▄▄█▄█▀▀▄▄▄█▀███▄ ▄  ▀ ▄██▄▄▄▄ █▄▀ ███▄█
█▄▄▄▄▄▄▄█▄▄██▄▄▄█▄█▄▄█▄▄▄█▄██▄▄▄▄▄███▄██▄▄█▄▄█▄▄▄█▄▄██▄█▄██

--- NOVO QR CODE GERADO NO TERMINAL! ESCANEIE AGORA! ---
✅ CLIENTE CONECTADO E PRONTO! Robô Duda Funcionando! (Lista de Cursos V6.34 Ativa)
[V6.34] Histórico carregado com sucesso. 3 chats persistidos.
✅ CLIENTE CONECTADO E PRONTO! Robô Duda Funcionando! (Lista de Cursos V6.34 Ativa)
