0 verbose cli /usr/local/nvm/versions/node/v24.11.1/bin/node /usr/local/nvm/versions/node/v24.11.1/bin/npm
1 info using npm@11.6.2
2 info using node@v24.11.1
3 silly config load:file:/usr/local/nvm/versions/node/v24.11.1/lib/node_modules/npm/npmrc
4 silly config load:file:/home/escaladorbrunocosta/.npmrc
5 silly config load:file:/usr/local/nvm/versions/node/v24.11.1/etc/npmrc
6 verbose title npm install pm2
7 verbose argv "install" "pm2" "--global"
8 verbose logfile logs-max:10 dir:/home/escaladorbrunocosta/.npm/_logs/2025-11-23T14_04_59_567Z-
9 verbose logfile /home/escaladorbrunocosta/.npm/_logs/2025-11-23T14_04_59_567Z-debug-0.log
10 silly packumentCache heap:2348810240 maxSize:587202560 maxEntrySize:293601280
11 silly logfile start cleaning logs, removing 1 files
12 silly logfile done cleaning log files
13 silly idealTree buildDeps
14 silly fetch manifest pm2@*
15 silly packumentCache full:https://registry.npmjs.org/pm2 cache-miss
16 http cache https://registry.npmjs.org/pm2 28ms (cache hit)
17 silly packumentCache full:https://registry.npmjs.org/pm2 set size:1047752 disposed:false
18 silly placeDep ROOT pm2@6.0.13 OK for:  want: *
19 silly fetch manifest @pm2/agent@~2.1.1
20 silly packumentCache full:https://registry.npmjs.org/@pm2%2fagent cache-miss
21 silly fetch manifest @pm2/js-api@~0.8.0
22 silly packumentCache full:https://registry.npmjs.org/@pm2%2fjs-api cache-miss
23 http cache https://registry.npmjs.org/@pm2%2fagent 9ms (cache hit)
24 silly packumentCache full:https://registry.npmjs.org/@pm2%2fagent set size:110996 disposed:false
25 silly fetch manifest @pm2/io@~6.1.0
26 silly packumentCache full:https://registry.npmjs.org/@pm2%2fio cache-miss
27 http cache https://registry.npmjs.org/@pm2%2fjs-api 12ms (cache hit)
28 silly packumentCache full:https://registry.npmjs.org/@pm2%2fjs-api set size:219753 disposed:false
29 silly fetch manifest @pm2/pm2-version-check@latest
30 silly packumentCache full:https://registry.npmjs.org/@pm2%2fpm2-version-check cache-miss
31 http cache https://registry.npmjs.org/@pm2%2fpm2-version-check 6ms (cache hit)
32 silly packumentCache full:https://registry.npmjs.org/@pm2%2fpm2-version-check set size:11335 disposed:false
33 silly fetch manifest ansis@4.0.0-node10
34 silly packumentCache full:https://registry.npmjs.org/ansis cache-miss
35 http cache https://registry.npmjs.org/@pm2%2fio 13ms (cache hit)
36 silly packumentCache full:https://registry.npmjs.org/@pm2%2fio set size:523015 disposed:false
37 silly fetch manifest async@3.2.6
38 silly packumentCache full:https://registry.npmjs.org/async cache-miss
39 http cache https://registry.npmjs.org/ansis 14ms (cache hit)
40 silly packumentCache full:https://registry.npmjs.org/ansis set size:213062 disposed:false
41 silly fetch manifest @pm2/blessed@0.1.81
42 silly packumentCache full:https://registry.npmjs.org/@pm2%2fblessed cache-miss
43 http cache https://registry.npmjs.org/async 11ms (cache hit)
44 silly packumentCache full:https://registry.npmjs.org/async set size:230496 disposed:false
45 silly fetch manifest chokidar@3.6.0
46 silly packumentCache full:https://registry.npmjs.org/chokidar cache-miss
47 http cache https://registry.npmjs.org/@pm2%2fblessed 15ms (cache hit)
48 silly packumentCache full:https://registry.npmjs.org/@pm2%2fblessed set size:70238 disposed:false
49 silly fetch manifest cli-tableau@2.0.1
50 silly packumentCache full:https://registry.npmjs.org/cli-tableau cache-miss
51 http cache https://registry.npmjs.org/chokidar 15ms (cache hit)
52 silly packumentCache full:https://registry.npmjs.org/chokidar set size:253451 disposed:false
53 silly fetch manifest commander@2.15.1
54 silly packumentCache full:https://registry.npmjs.org/commander cache-miss
55 http cache https://registry.npmjs.org/cli-tableau 17ms (cache hit)
56 silly packumentCache full:https://registry.npmjs.org/cli-tableau set size:9593 disposed:false
57 silly fetch manifest croner@4.1.97
58 silly packumentCache full:https://registry.npmjs.org/croner cache-miss
59 http cache https://registry.npmjs.org/commander 11ms (cache hit)
60 silly packumentCache full:https://registry.npmjs.org/commander set size:345426 disposed:false
61 silly fetch manifest dayjs@1.11.15
62 silly packumentCache full:https://registry.npmjs.org/dayjs cache-miss
63 http cache https://registry.npmjs.org/croner 28ms (cache hit)
64 silly packumentCache full:https://registry.npmjs.org/croner set size:707928 disposed:false
65 silly fetch manifest debug@4.4.3
66 silly packumentCache full:https://registry.npmjs.org/debug cache-miss
67 http cache https://registry.npmjs.org/dayjs 28ms (cache hit)
68 silly packumentCache full:https://registry.npmjs.org/dayjs set size:483478 disposed:false
69 silly fetch manifest enquirer@2.3.6
70 silly packumentCache full:https://registry.npmjs.org/enquirer cache-miss
71 http cache https://registry.npmjs.org/debug 14ms (cache hit)
72 silly packumentCache full:https://registry.npmjs.org/debug set size:195840 disposed:false
73 silly fetch manifest eventemitter2@5.0.1
74 silly packumentCache full:https://registry.npmjs.org/eventemitter2 cache-miss
75 http cache https://registry.npmjs.org/enquirer 10ms (cache hit)
76 silly packumentCache full:https://registry.npmjs.org/enquirer set size:203040 disposed:false
77 silly fetch manifest fclone@1.0.11
78 silly packumentCache full:https://registry.npmjs.org/fclone cache-miss
79 http cache https://registry.npmjs.org/eventemitter2 14ms (cache hit)
80 silly packumentCache full:https://registry.npmjs.org/eventemitter2 set size:172525 disposed:false
81 silly fetch manifest mkdirp@1.0.4
82 silly packumentCache full:https://registry.npmjs.org/mkdirp cache-miss
83 http cache https://registry.npmjs.org/fclone 14ms (cache hit)
84 silly packumentCache full:https://registry.npmjs.org/fclone set size:19653 disposed:false
85 silly fetch manifest needle@2.4.0
86 silly packumentCache full:https://registry.npmjs.org/needle cache-miss
87 http cache https://registry.npmjs.org/mkdirp 8ms (cache hit)
88 silly packumentCache full:https://registry.npmjs.org/mkdirp set size:116455 disposed:false
89 silly fetch manifest pidusage@3.0.2
90 silly packumentCache full:https://registry.npmjs.org/pidusage cache-miss
91 http cache https://registry.npmjs.org/needle 9ms (cache hit)
92 silly packumentCache full:https://registry.npmjs.org/needle set size:227370 disposed:false
93 silly fetch manifest pm2-axon@~4.0.1
94 silly packumentCache full:https://registry.npmjs.org/pm2-axon cache-miss
95 http cache https://registry.npmjs.org/pm2-axon 6ms (cache hit)
96 silly packumentCache full:https://registry.npmjs.org/pm2-axon set size:44221 disposed:false
97 silly fetch manifest pm2-axon-rpc@~0.7.1
98 silly packumentCache full:https://registry.npmjs.org/pm2-axon-rpc cache-miss
99 http cache https://registry.npmjs.org/pidusage 19ms (cache hit)
100 silly packumentCache full:https://registry.npmjs.org/pidusage set size:111034 disposed:false
101 silly fetch manifest pm2-deploy@~1.0.2
102 silly packumentCache full:https://registry.npmjs.org/pm2-deploy cache-miss
103 http cache https://registry.npmjs.org/pm2-axon-rpc 10ms (cache hit)
104 silly packumentCache full:https://registry.npmjs.org/pm2-axon-rpc set size:41743 disposed:false
105 silly fetch manifest pm2-multimeter@^0.1.2
106 silly packumentCache full:https://registry.npmjs.org/pm2-multimeter cache-miss
107 http cache https://registry.npmjs.org/pm2-deploy 9ms (cache hit)
108 silly packumentCache full:https://registry.npmjs.org/pm2-deploy set size:43526 disposed:false
109 silly fetch manifest promptly@2.2.0
110 silly packumentCache full:https://registry.npmjs.org/promptly cache-miss
111 http cache https://registry.npmjs.org/pm2-multimeter 8ms (cache hit)
112 silly packumentCache full:https://registry.npmjs.org/pm2-multimeter set size:7686 disposed:false
113 silly fetch manifest semver@7.7.2
114 silly packumentCache full:https://registry.npmjs.org/semver cache-miss
115 http cache https://registry.npmjs.org/promptly 7ms (cache hit)
116 silly packumentCache full:https://registry.npmjs.org/promptly set size:37330 disposed:false
117 silly fetch manifest source-map-support@0.5.21
118 silly packumentCache full:https://registry.npmjs.org/source-map-support cache-miss
119 http cache https://registry.npmjs.org/source-map-support 6ms (cache hit)
120 silly packumentCache full:https://registry.npmjs.org/source-map-support set size:125488 disposed:false
121 silly fetch manifest sprintf-js@1.1.2
122 silly packumentCache full:https://registry.npmjs.org/sprintf-js cache-miss
123 http cache https://registry.npmjs.org/semver 14ms (cache hit)
124 silly packumentCache full:https://registry.npmjs.org/semver set size:226907 disposed:false
125 silly fetch manifest vizion@~2.2.1
126 silly packumentCache full:https://registry.npmjs.org/vizion cache-miss
127 http cache https://registry.npmjs.org/sprintf-js 17ms (cache hit)
128 silly packumentCache full:https://registry.npmjs.org/sprintf-js set size:20495 disposed:false
129 silly fetch manifest js-yaml@4.1.0
130 silly packumentCache full:https://registry.npmjs.org/js-yaml cache-miss
131 http cache https://registry.npmjs.org/vizion 13ms (cache hit)
132 silly packumentCache full:https://registry.npmjs.org/vizion set size:64651 disposed:false
133 silly fetch manifest pm2-sysmonit@^1.2.8
134 silly packumentCache full:https://registry.npmjs.org/pm2-sysmonit cache-miss
135 http cache https://registry.npmjs.org/js-yaml 14ms (cache hit)
136 silly packumentCache full:https://registry.npmjs.org/js-yaml set size:152232 disposed:false
137 http cache https://registry.npmjs.org/pm2-sysmonit 14ms (cache hit)
138 silly packumentCache full:https://registry.npmjs.org/pm2-sysmonit set size:42261 disposed:false
139 silly placeDep node_modules/pm2 @pm2/agent@2.1.1 OK for: pm2@6.0.13 want: ~2.1.1
140 silly placeDep node_modules/pm2 @pm2/blessed@0.1.81 OK for: pm2@6.0.13 want: 0.1.81
141 silly placeDep node_modules/pm2 @pm2/io@6.1.0 OK for: pm2@6.0.13 want: ~6.1.0
142 silly placeDep node_modules/pm2 @pm2/js-api@0.8.0 OK for: pm2@6.0.13 want: ~0.8.0
143 silly placeDep node_modules/pm2 @pm2/pm2-version-check@1.0.4 OK for: pm2@6.0.13 want: latest
144 silly placeDep node_modules/pm2 ansis@4.0.0-node10 OK for: pm2@6.0.13 want: 4.0.0-node10
145 silly placeDep node_modules/pm2 async@3.2.6 OK for: pm2@6.0.13 want: 3.2.6
146 silly placeDep node_modules/pm2 chokidar@3.6.0 OK for: pm2@6.0.13 want: 3.6.0
147 silly placeDep node_modules/pm2 cli-tableau@2.0.1 OK for: pm2@6.0.13 want: 2.0.1
148 silly placeDep node_modules/pm2 commander@2.15.1 OK for: pm2@6.0.13 want: 2.15.1
149 silly placeDep node_modules/pm2 croner@4.1.97 OK for: pm2@6.0.13 want: 4.1.97
150 silly placeDep node_modules/pm2 dayjs@1.11.15 OK for: pm2@6.0.13 want: 1.11.15
151 silly placeDep node_modules/pm2 debug@4.4.3 OK for: pm2@6.0.13 want: 4.4.3
152 silly placeDep node_modules/pm2 enquirer@2.3.6 OK for: pm2@6.0.13 want: 2.3.6
153 silly placeDep node_modules/pm2 eventemitter2@5.0.1 OK for: pm2@6.0.13 want: 5.0.1
154 silly placeDep node_modules/pm2 fclone@1.0.11 OK for: pm2@6.0.13 want: 1.0.11
155 silly placeDep node_modules/pm2 js-yaml@4.1.0 OK for: pm2@6.0.13 want: 4.1.0
156 silly placeDep node_modules/pm2 mkdirp@1.0.4 OK for: pm2@6.0.13 want: 1.0.4
157 silly placeDep node_modules/pm2 needle@2.4.0 OK for: pm2@6.0.13 want: 2.4.0
158 silly placeDep node_modules/pm2 pidusage@3.0.2 OK for: pm2@6.0.13 want: 3.0.2
159 silly placeDep node_modules/pm2 pm2-axon@4.0.1 OK for: pm2@6.0.13 want: ~4.0.1
160 silly placeDep node_modules/pm2 pm2-axon-rpc@0.7.1 OK for: pm2@6.0.13 want: ~0.7.1
161 silly placeDep node_modules/pm2 pm2-deploy@1.0.2 OK for: pm2@6.0.13 want: ~1.0.2
162 silly placeDep node_modules/pm2 pm2-multimeter@0.1.2 OK for: pm2@6.0.13 want: ^0.1.2
163 silly placeDep node_modules/pm2 pm2-sysmonit@1.2.8 OK for: pm2@6.0.13 want: ^1.2.8
164 silly placeDep node_modules/pm2 promptly@2.2.0 OK for: pm2@6.0.13 want: 2.2.0
165 silly placeDep node_modules/pm2 semver@7.7.2 OK for: pm2@6.0.13 want: 7.7.2
166 silly placeDep node_modules/pm2 source-map-support@0.5.21 OK for: pm2@6.0.13 want: 0.5.21
167 silly placeDep node_modules/pm2 sprintf-js@1.1.2 OK for: pm2@6.0.13 want: 1.1.2
168 silly placeDep node_modules/pm2 vizion@2.2.1 OK for: pm2@6.0.13 want: ~2.2.1
169 silly fetch manifest async@~3.2.0
170 silly packumentCache full:https://registry.npmjs.org/async cache-hit
171 silly fetch manifest chalk@~3.0.0
172 silly packumentCache full:https://registry.npmjs.org/chalk cache-miss
173 silly fetch manifest dayjs@~1.8.24
174 silly packumentCache full:https://registry.npmjs.org/dayjs cache-hit
175 silly fetch manifest debug@~4.3.1
176 silly packumentCache full:https://registry.npmjs.org/debug cache-hit
177 silly fetch manifest eventemitter2@~5.0.1
178 silly packumentCache full:https://registry.npmjs.org/eventemitter2 cache-hit
179 silly fetch manifest fast-json-patch@^3.1.0
180 silly packumentCache full:https://registry.npmjs.org/fast-json-patch cache-miss
181 http cache https://registry.npmjs.org/chalk 14ms (cache hit)
182 silly packumentCache full:https://registry.npmjs.org/chalk set size:117861 disposed:false
183 silly fetch manifest fclone@~1.0.11
184 silly packumentCache full:https://registry.npmjs.org/fclone cache-hit
185 silly fetch manifest pm2-axon-rpc@~0.7.0
186 silly packumentCache full:https://registry.npmjs.org/pm2-axon-rpc cache-hit
187 silly fetch manifest proxy-agent@~6.4.0
188 silly packumentCache full:https://registry.npmjs.org/proxy-agent cache-miss
189 http cache https://registry.npmjs.org/fast-json-patch 13ms (cache hit)
190 silly packumentCache full:https://registry.npmjs.org/fast-json-patch set size:129532 disposed:false
191 silly fetch manifest semver@~7.5.0
192 silly packumentCache full:https://registry.npmjs.org/semver cache-hit
193 silly fetch manifest ws@~7.5.10
194 silly packumentCache full:https://registry.npmjs.org/ws cache-miss
195 http cache https://registry.npmjs.org/proxy-agent 18ms (cache hit)
196 silly packumentCache full:https://registry.npmjs.org/proxy-agent set size:70579 disposed:false
197 silly fetch manifest async@~2.6.1
198 silly packumentCache full:https://registry.npmjs.org/async cache-hit
199 silly fetch manifest eventemitter2@^6.3.1
200 silly packumentCache full:https://registry.npmjs.org/eventemitter2 cache-hit
201 silly fetch manifest require-in-the-middle@^5.0.0
202 silly packumentCache full:https://registry.npmjs.org/require-in-the-middle cache-miss
203 http cache https://registry.npmjs.org/ws 19ms (cache hit)
204 silly packumentCache full:https://registry.npmjs.org/ws set size:410885 disposed:false
205 silly fetch manifest semver@~7.5.4
206 silly packumentCache full:https://registry.npmjs.org/semver cache-hit
207 silly fetch manifest shimmer@^1.2.0
208 silly packumentCache full:https://registry.npmjs.org/shimmer cache-miss
209 http cache https://registry.npmjs.org/require-in-the-middle 14ms (cache hit)
210 silly packumentCache full:https://registry.npmjs.org/require-in-the-middle set size:87691 disposed:false
211 silly fetch manifest signal-exit@^3.0.3
212 silly packumentCache full:https://registry.npmjs.org/signal-exit cache-miss
213 http cache https://registry.npmjs.org/shimmer 7ms (cache hit)
214 silly packumentCache full:https://registry.npmjs.org/shimmer set size:22336 disposed:false
215 silly fetch manifest tslib@1.9.3
216 silly packumentCache full:https://registry.npmjs.org/tslib cache-miss
217 http cache https://registry.npmjs.org/signal-exit 13ms (cache hit)
218 silly packumentCache full:https://registry.npmjs.org/signal-exit set size:53489 disposed:false
219 silly fetch manifest async@^2.6.3
220 silly packumentCache full:https://registry.npmjs.org/async cache-hit
221 silly fetch manifest extrareqp2@^1.0.0
222 silly packumentCache full:https://registry.npmjs.org/extrareqp2 cache-miss
223 http cache https://registry.npmjs.org/tslib 15ms (cache hit)
224 silly packumentCache full:https://registry.npmjs.org/tslib set size:108760 disposed:false
225 silly fetch manifest ws@^7.0.0
226 silly packumentCache full:https://registry.npmjs.org/ws cache-hit
227 silly fetch manifest debug@^4.3.1
228 silly packumentCache full:https://registry.npmjs.org/debug cache-hit
229 silly fetch manifest braces@~3.0.2
230 silly packumentCache full:https://registry.npmjs.org/braces cache-miss
231 http cache https://registry.npmjs.org/extrareqp2 8ms (cache hit)
232 silly packumentCache full:https://registry.npmjs.org/extrareqp2 set size:33058 disposed:false
233 silly fetch manifest is-glob@~4.0.1
234 silly packumentCache full:https://registry.npmjs.org/is-glob cache-miss
235 http cache https://registry.npmjs.org/braces 6ms (cache hit)
236 silly packumentCache full:https://registry.npmjs.org/braces set size:114529 disposed:false
237 silly fetch manifest anymatch@~3.1.2
238 silly packumentCache full:https://registry.npmjs.org/anymatch cache-miss
239 http cache https://registry.npmjs.org/is-glob 8ms (cache hit)
240 silly packumentCache full:https://registry.npmjs.org/is-glob set size:40530 disposed:false
241 silly fetch manifest readdirp@~3.6.0
242 silly packumentCache full:https://registry.npmjs.org/readdirp cache-miss
243 http cache https://registry.npmjs.org/anymatch 7ms (cache hit)
244 silly packumentCache full:https://registry.npmjs.org/anymatch set size:42974 disposed:false
245 silly fetch manifest glob-parent@~5.1.2
246 silly packumentCache full:https://registry.npmjs.org/glob-parent cache-miss
247 http cache https://registry.npmjs.org/readdirp 5ms (cache hit)
248 silly packumentCache full:https://registry.npmjs.org/readdirp set size:105089 disposed:false
249 silly fetch manifest is-binary-path@~2.1.0
250 silly packumentCache full:https://registry.npmjs.org/is-binary-path cache-miss
251 http cache https://registry.npmjs.org/glob-parent 6ms (cache hit)
252 silly packumentCache full:https://registry.npmjs.org/glob-parent set size:42445 disposed:false
253 silly fetch manifest normalize-path@~3.0.0
254 silly packumentCache full:https://registry.npmjs.org/normalize-path cache-miss
255 http cache https://registry.npmjs.org/is-binary-path 5ms (cache hit)
256 silly packumentCache full:https://registry.npmjs.org/is-binary-path set size:13475 disposed:false
257 silly fetch manifest fsevents@~2.3.2
258 silly packumentCache full:https://registry.npmjs.org/fsevents cache-miss
259 http cache https://registry.npmjs.org/normalize-path 6ms (cache hit)
260 silly packumentCache full:https://registry.npmjs.org/normalize-path set size:28713 disposed:false
261 silly fetch manifest chalk@3.0.0
262 silly packumentCache full:https://registry.npmjs.org/chalk cache-hit
263 silly fetch manifest ms@^2.1.3
264 silly packumentCache full:https://registry.npmjs.org/ms cache-miss
265 http cache https://registry.npmjs.org/ms 4ms (cache hit)
266 silly packumentCache full:https://registry.npmjs.org/ms set size:92208 disposed:false
267 silly fetch manifest ansi-colors@^4.1.1
268 silly packumentCache full:https://registry.npmjs.org/ansi-colors cache-miss
269 http cache https://registry.npmjs.org/fsevents 9ms (cache hit)
270 silly packumentCache full:https://registry.npmjs.org/fsevents set size:182472 disposed:false
271 silly fetch manifest argparse@^2.0.1
272 silly packumentCache full:https://registry.npmjs.org/argparse cache-miss
273 http cache https://registry.npmjs.org/ansi-colors 17ms (cache hit)
274 silly packumentCache full:https://registry.npmjs.org/ansi-colors set size:110876 disposed:false
275 silly fetch manifest debug@^3.2.6
276 silly packumentCache full:https://registry.npmjs.org/debug cache-hit
277 silly fetch manifest iconv-lite@^0.4.4
278 silly packumentCache full:https://registry.npmjs.org/iconv-lite cache-miss
279 http cache https://registry.npmjs.org/argparse 20ms (cache hit)
280 silly packumentCache full:https://registry.npmjs.org/argparse set size:49266 disposed:false
281 silly fetch manifest sax@^1.2.4
282 silly packumentCache full:https://registry.npmjs.org/sax cache-miss
283 http cache https://registry.npmjs.org/sax 4ms (cache hit)
284 silly packumentCache full:https://registry.npmjs.org/sax set size:86865 disposed:false
285 silly fetch manifest safe-buffer@^5.2.1
286 silly packumentCache full:https://registry.npmjs.org/safe-buffer cache-miss
287 http cache https://registry.npmjs.org/iconv-lite 14ms (cache hit)
288 silly packumentCache full:https://registry.npmjs.org/iconv-lite set size:118890 disposed:false
289 silly fetch manifest amp@~0.3.1
290 silly packumentCache full:https://registry.npmjs.org/amp cache-miss
291 http cache https://registry.npmjs.org/safe-buffer 8ms (cache hit)
292 silly packumentCache full:https://registry.npmjs.org/safe-buffer set size:41183 disposed:false
293 silly fetch manifest amp-message@~0.1.1
294 silly packumentCache full:https://registry.npmjs.org/amp-message cache-miss
295 http cache https://registry.npmjs.org/amp 7ms (cache hit)
296 silly packumentCache full:https://registry.npmjs.org/amp set size:6794 disposed:false
297 silly fetch manifest escape-string-regexp@^4.0.0
298 silly packumentCache full:https://registry.npmjs.org/escape-string-regexp cache-miss
299 http cache https://registry.npmjs.org/amp-message 6ms (cache hit)
300 silly packumentCache full:https://registry.npmjs.org/amp-message set size:6704 disposed:false
301 silly fetch manifest run-series@^1.1.8
302 silly packumentCache full:https://registry.npmjs.org/run-series cache-miss
303 http cache https://registry.npmjs.org/escape-string-regexp 6ms (cache hit)
304 silly packumentCache full:https://registry.npmjs.org/escape-string-regexp set size:22244 disposed:false
305 silly fetch manifest tv4@^1.3.0
306 silly packumentCache full:https://registry.npmjs.org/tv4 cache-miss
307 http cache https://registry.npmjs.org/run-series 7ms (cache hit)
308 silly packumentCache full:https://registry.npmjs.org/run-series set size:35375 disposed:false
309 silly fetch manifest charm@~0.1.1
310 silly packumentCache full:https://registry.npmjs.org/charm cache-miss
311 http cache https://registry.npmjs.org/tv4 7ms (cache hit)
312 silly packumentCache full:https://registry.npmjs.org/tv4 set size:84466 disposed:false
313 silly fetch manifest pidusage@^2.0.21
314 silly packumentCache full:https://registry.npmjs.org/pidusage cache-hit
315 silly fetch manifest systeminformation@^5.7
316 silly packumentCache full:https://registry.npmjs.org/systeminformation cache-miss
317 http cache https://registry.npmjs.org/charm 7ms (cache hit)
318 silly packumentCache full:https://registry.npmjs.org/charm set size:27884 disposed:false
319 silly fetch manifest tx2@~1.0.4
320 silly packumentCache full:https://registry.npmjs.org/tx2 cache-miss
321 http cache https://registry.npmjs.org/systeminformation 11ms (cache hit)
322 silly packumentCache full:https://registry.npmjs.org/systeminformation set size:2226169 disposed:false
323 silly fetch manifest read@^1.0.4
324 silly packumentCache full:https://registry.npmjs.org/read cache-miss
325 http cache https://registry.npmjs.org/read 4ms (cache hit)
326 silly packumentCache full:https://registry.npmjs.org/read set size:41363 disposed:false
327 silly fetch manifest buffer-from@^1.0.0
328 silly packumentCache full:https://registry.npmjs.org/buffer-from cache-miss
329 http cache https://registry.npmjs.org/tx2 43ms (cache hit)
330 silly packumentCache full:https://registry.npmjs.org/tx2 set size:7551 disposed:false
331 silly fetch manifest source-map@^0.6.0
332 silly packumentCache full:https://registry.npmjs.org/source-map cache-miss
333 http cache https://registry.npmjs.org/source-map 24ms (cache hit)
334 silly packumentCache full:https://registry.npmjs.org/source-map set size:226090 disposed:false
335 silly fetch manifest git-node-fs@^1.0.0
336 silly packumentCache full:https://registry.npmjs.org/git-node-fs cache-miss
337 http cache https://registry.npmjs.org/buffer-from 34ms (cache hit)
338 silly packumentCache full:https://registry.npmjs.org/buffer-from set size:15463 disposed:false
339 silly fetch manifest ini@^1.3.5
340 silly packumentCache full:https://registry.npmjs.org/ini cache-miss
341 http cache https://registry.npmjs.org/ini 7ms (cache hit)
342 silly packumentCache full:https://registry.npmjs.org/ini set size:57019 disposed:false
343 silly fetch manifest js-git@^0.7.8
344 silly packumentCache full:https://registry.npmjs.org/js-git cache-miss
345 http cache https://registry.npmjs.org/git-node-fs 13ms (cache hit)
346 silly packumentCache full:https://registry.npmjs.org/git-node-fs set size:5780 disposed:false
347 http cache https://registry.npmjs.org/js-git 15ms (cache hit)
348 silly packumentCache full:https://registry.npmjs.org/js-git set size:47312 disposed:false
349 silly fetch manifest bufferutil@^4.0.1
350 silly packumentCache full:https://registry.npmjs.org/bufferutil cache-miss
351 http cache https://registry.npmjs.org/bufferutil 3ms (cache hit)
352 silly packumentCache full:https://registry.npmjs.org/bufferutil set size:51033 disposed:false
353 silly fetch manifest utf-8-validate@^5.0.2
354 silly packumentCache full:https://registry.npmjs.org/utf-8-validate cache-miss
355 http cache https://registry.npmjs.org/utf-8-validate 3ms (cache hit)
356 silly packumentCache full:https://registry.npmjs.org/utf-8-validate set size:75205 disposed:false
357 silly placeDep node_modules/pm2 chalk@3.0.0 OK for: @pm2/agent@2.1.1 want: ~3.0.0
358 silly placeDep node_modules/pm2/node_modules/@pm2/agent dayjs@1.8.36 OK for: @pm2/agent@2.1.1 want: ~1.8.24
359 silly placeDep node_modules/pm2/node_modules/@pm2/agent debug@4.3.7 OK for: @pm2/agent@2.1.1 want: ~4.3.1
360 silly placeDep node_modules/pm2 fast-json-patch@3.1.1 OK for: @pm2/agent@2.1.1 want: ^3.1.0
361 silly placeDep node_modules/pm2 proxy-agent@6.4.0 OK for: @pm2/agent@2.1.1 want: ~6.4.0
362 silly placeDep node_modules/pm2/node_modules/@pm2/agent semver@7.5.4 OK for: @pm2/agent@2.1.1 want: ~7.5.0
363 silly placeDep node_modules/pm2 ws@7.5.10 OK for: @pm2/agent@2.1.1 want: ~7.5.10
364 silly fetch manifest ansi-styles@^4.1.0
365 silly packumentCache full:https://registry.npmjs.org/ansi-styles cache-miss
366 silly fetch manifest supports-color@^7.1.0
367 silly packumentCache full:https://registry.npmjs.org/supports-color cache-miss
368 http cache https://registry.npmjs.org/ansi-styles 8ms (cache hit)
369 silly packumentCache full:https://registry.npmjs.org/ansi-styles set size:63233 disposed:false
370 silly fetch manifest lru-cache@^7.14.1
371 silly packumentCache full:https://registry.npmjs.org/lru-cache cache-miss
372 http cache https://registry.npmjs.org/supports-color 9ms (cache hit)
373 silly packumentCache full:https://registry.npmjs.org/supports-color set size:118680 disposed:false
374 silly fetch manifest agent-base@^7.0.2
375 silly packumentCache full:https://registry.npmjs.org/agent-base cache-miss
376 http cache https://registry.npmjs.org/agent-base 7ms (cache hit)
377 silly packumentCache full:https://registry.npmjs.org/agent-base set size:67460 disposed:false
378 silly fetch manifest proxy-from-env@^1.1.0
379 silly packumentCache full:https://registry.npmjs.org/proxy-from-env cache-miss
380 http cache https://registry.npmjs.org/lru-cache 13ms (cache hit)
381 silly packumentCache full:https://registry.npmjs.org/lru-cache set size:400387 disposed:false
382 silly fetch manifest pac-proxy-agent@^7.0.1
383 silly packumentCache full:https://registry.npmjs.org/pac-proxy-agent cache-miss
384 http cache https://registry.npmjs.org/proxy-from-env 11ms (cache hit)
385 silly packumentCache full:https://registry.npmjs.org/proxy-from-env set size:15831 disposed:false
386 silly fetch manifest http-proxy-agent@^7.0.1
387 silly packumentCache full:https://registry.npmjs.org/http-proxy-agent cache-miss
388 http cache https://registry.npmjs.org/pac-proxy-agent 5ms (cache hit)
389 silly packumentCache full:https://registry.npmjs.org/pac-proxy-agent set size:59229 disposed:false
390 silly fetch manifest https-proxy-agent@^7.0.3
391 silly packumentCache full:https://registry.npmjs.org/https-proxy-agent cache-miss
392 http cache https://registry.npmjs.org/http-proxy-agent 5ms (cache hit)
393 silly packumentCache full:https://registry.npmjs.org/http-proxy-agent set size:50096 disposed:false
394 silly fetch manifest socks-proxy-agent@^8.0.2
395 silly packumentCache full:https://registry.npmjs.org/socks-proxy-agent cache-miss
396 http cache https://registry.npmjs.org/https-proxy-agent 6ms (cache hit)
397 silly packumentCache full:https://registry.npmjs.org/https-proxy-agent set size:76241 disposed:false
398 silly fetch manifest lru-cache@^6.0.0
399 silly packumentCache full:https://registry.npmjs.org/lru-cache cache-hit
400 http cache https://registry.npmjs.org/socks-proxy-agent 6ms (cache hit)
401 silly packumentCache full:https://registry.npmjs.org/socks-proxy-agent set size:96838 disposed:false
402 silly placeDep node_modules/pm2/node_modules/@pm2/io async@2.6.4 OK for: @pm2/io@6.1.0 want: ~2.6.1
403 silly placeDep node_modules/pm2/node_modules/@pm2/io debug@4.3.7 OK for: @pm2/io@6.1.0 want: ~4.3.1
404 silly placeDep node_modules/pm2/node_modules/@pm2/io eventemitter2@6.4.9 OK for: @pm2/io@6.1.0 want: ^6.3.1
405 silly placeDep node_modules/pm2 require-in-the-middle@5.2.0 OK for: @pm2/io@6.1.0 want: ^5.0.0
406 silly placeDep node_modules/pm2/node_modules/@pm2/io semver@7.5.4 OK for: @pm2/io@6.1.0 want: ~7.5.4
407 silly placeDep node_modules/pm2 shimmer@1.2.1 OK for: @pm2/io@6.1.0 want: ^1.2.0
408 silly placeDep node_modules/pm2 signal-exit@3.0.7 OK for: @pm2/io@6.1.0 want: ^3.0.3
409 silly placeDep node_modules/pm2 tslib@1.9.3 OK for: @pm2/io@6.1.0 want: 1.9.3
410 silly fetch manifest lodash@^4.17.14
411 silly packumentCache full:https://registry.npmjs.org/lodash cache-miss
412 silly fetch manifest resolve@^1.22.1
413 silly packumentCache full:https://registry.npmjs.org/resolve cache-miss
414 http cache https://registry.npmjs.org/lodash 5ms (cache hit)
415 silly packumentCache full:https://registry.npmjs.org/lodash set size:242470 disposed:false
416 silly fetch manifest module-details-from-path@^1.0.3
417 silly packumentCache full:https://registry.npmjs.org/module-details-from-path cache-miss
418 http cache https://registry.npmjs.org/resolve 9ms (cache hit)
419 silly packumentCache full:https://registry.npmjs.org/resolve set size:246681 disposed:false
420 http cache https://registry.npmjs.org/module-details-from-path 8ms (cache hit)
421 silly packumentCache full:https://registry.npmjs.org/module-details-from-path set size:10793 disposed:false
422 silly placeDep node_modules/pm2/node_modules/@pm2/js-api async@2.6.4 OK for: @pm2/js-api@0.8.0 want: ^2.6.3
423 silly placeDep node_modules/pm2/node_modules/@pm2/js-api debug@4.3.7 OK for: @pm2/js-api@0.8.0 want: ~4.3.1
424 silly placeDep node_modules/pm2/node_modules/@pm2/js-api eventemitter2@6.4.9 OK for: @pm2/js-api@0.8.0 want: ^6.3.1
425 silly placeDep node_modules/pm2 extrareqp2@1.0.0 OK for: @pm2/js-api@0.8.0 want: ^1.0.0
426 silly fetch manifest follow-redirects@^1.14.0
427 silly packumentCache full:https://registry.npmjs.org/follow-redirects cache-miss
428 http cache https://registry.npmjs.org/follow-redirects 4ms (cache hit)
429 silly packumentCache full:https://registry.npmjs.org/follow-redirects set size:186700 disposed:false
430 silly placeDep node_modules/pm2 ansi-styles@4.3.0 OK for: chalk@3.0.0 want: ^4.1.0
431 silly placeDep node_modules/pm2 supports-color@7.2.0 OK for: chalk@3.0.0 want: ^7.1.0
432 silly fetch manifest color-convert@^2.0.1
433 silly packumentCache full:https://registry.npmjs.org/color-convert cache-miss
434 silly fetch manifest has-flag@^4.0.0
435 silly packumentCache full:https://registry.npmjs.org/has-flag cache-miss
436 http cache https://registry.npmjs.org/color-convert 6ms (cache hit)
437 silly packumentCache full:https://registry.npmjs.org/color-convert set size:72663 disposed:false
438 http cache https://registry.npmjs.org/has-flag 7ms (cache hit)
439 silly packumentCache full:https://registry.npmjs.org/has-flag set size:15180 disposed:false
440 silly placeDep node_modules/pm2 color-convert@2.0.1 OK for: ansi-styles@4.3.0 want: ^2.0.1
441 silly fetch manifest color-name@~1.1.4
442 silly packumentCache full:https://registry.npmjs.org/color-name cache-miss
443 http cache https://registry.npmjs.org/color-name 3ms (cache hit)
444 silly packumentCache full:https://registry.npmjs.org/color-name set size:19467 disposed:false
445 silly placeDep node_modules/pm2 anymatch@3.1.3 OK for: chokidar@3.6.0 want: ~3.1.2
446 silly placeDep node_modules/pm2 braces@3.0.3 OK for: chokidar@3.6.0 want: ~3.0.2
447 silly placeDep node_modules/pm2 fsevents@2.3.3 OK for: chokidar@3.6.0 want: ~2.3.2
448 silly placeDep node_modules/pm2 glob-parent@5.1.2 OK for: chokidar@3.6.0 want: ~5.1.2
449 silly placeDep node_modules/pm2 is-binary-path@2.1.0 OK for: chokidar@3.6.0 want: ~2.1.0
450 silly placeDep node_modules/pm2 is-glob@4.0.3 OK for: chokidar@3.6.0 want: ~4.0.1
451 silly placeDep node_modules/pm2 normalize-path@3.0.0 OK for: chokidar@3.6.0 want: ~3.0.0
452 silly placeDep node_modules/pm2 readdirp@3.6.0 OK for: chokidar@3.6.0 want: ~3.6.0
453 silly fetch manifest picomatch@^2.0.4
454 silly packumentCache full:https://registry.npmjs.org/picomatch cache-miss
455 silly fetch manifest normalize-path@^3.0.0
456 silly packumentCache full:https://registry.npmjs.org/normalize-path cache-hit
457 silly fetch manifest fill-range@^7.1.1
458 silly packumentCache full:https://registry.npmjs.org/fill-range cache-miss
459 http cache https://registry.npmjs.org/picomatch 5ms (cache hit)
460 silly packumentCache full:https://registry.npmjs.org/picomatch set size:118818 disposed:false
461 silly fetch manifest is-glob@^4.0.1
462 silly packumentCache full:https://registry.npmjs.org/is-glob cache-hit
463 silly fetch manifest binary-extensions@^2.0.0
464 silly packumentCache full:https://registry.npmjs.org/binary-extensions cache-miss
465 http cache https://registry.npmjs.org/fill-range 8ms (cache hit)
466 silly packumentCache full:https://registry.npmjs.org/fill-range set size:90212 disposed:false
467 silly fetch manifest is-extglob@^2.1.1
468 silly packumentCache full:https://registry.npmjs.org/is-extglob cache-miss
469 http cache https://registry.npmjs.org/binary-extensions 7ms (cache hit)
470 silly packumentCache full:https://registry.npmjs.org/binary-extensions set size:51551 disposed:false
471 silly fetch manifest picomatch@^2.2.1
472 silly packumentCache full:https://registry.npmjs.org/picomatch cache-hit
473 http cache https://registry.npmjs.org/is-extglob 7ms (cache hit)
474 silly packumentCache full:https://registry.npmjs.org/is-extglob set size:11766 disposed:false
475 silly placeDep node_modules/pm2 picomatch@2.3.1 OK for: anymatch@3.1.3 want: ^2.0.4
476 silly placeDep node_modules/pm2 fill-range@7.1.1 OK for: braces@3.0.3 want: ^7.1.1
477 silly fetch manifest to-regex-range@^5.0.1
478 silly packumentCache full:https://registry.npmjs.org/to-regex-range cache-miss
479 http cache https://registry.npmjs.org/to-regex-range 4ms (cache hit)
480 silly packumentCache full:https://registry.npmjs.org/to-regex-range set size:61569 disposed:false
481 silly placeDep node_modules/pm2 color-name@1.1.4 OK for: color-convert@2.0.1 want: ~1.1.4
482 silly placeDep node_modules/pm2 ms@2.1.3 OK for: debug@4.4.3 want: ^2.1.3
483 silly placeDep node_modules/pm2 ansi-colors@4.1.3 OK for: enquirer@2.3.6 want: ^4.1.1
484 silly placeDep node_modules/pm2 follow-redirects@1.15.11 OK for: extrareqp2@1.0.0 want: ^1.14.0
485 silly placeDep node_modules/pm2 to-regex-range@5.0.1 OK for: fill-range@7.1.1 want: ^5.0.1
486 silly fetch manifest is-number@^7.0.0
487 silly packumentCache full:https://registry.npmjs.org/is-number cache-miss
488 http cache https://registry.npmjs.org/is-number 4ms (cache hit)
489 silly packumentCache full:https://registry.npmjs.org/is-number set size:36183 disposed:false
490 silly placeDep node_modules/pm2 binary-extensions@2.3.0 OK for: is-binary-path@2.1.0 want: ^2.0.0
491 silly placeDep node_modules/pm2 is-extglob@2.1.1 OK for: is-glob@4.0.3 want: ^2.1.1
492 silly placeDep node_modules/pm2 argparse@2.0.1 OK for: js-yaml@4.1.0 want: ^2.0.1
493 silly placeDep node_modules/pm2/node_modules/needle debug@3.2.7 OK for: needle@2.4.0 want: ^3.2.6
494 silly placeDep node_modules/pm2 iconv-lite@0.4.24 OK for: needle@2.4.0 want: ^0.4.4
495 silly placeDep node_modules/pm2 sax@1.4.3 OK for: needle@2.4.0 want: ^1.2.4
496 silly fetch manifest safer-buffer@>= 2.1.2 < 3
497 silly packumentCache full:https://registry.npmjs.org/safer-buffer cache-miss
498 http cache https://registry.npmjs.org/safer-buffer 4ms (cache hit)
499 silly packumentCache full:https://registry.npmjs.org/safer-buffer set size:18521 disposed:false
500 silly placeDep node_modules/pm2 safer-buffer@2.1.2 OK for: iconv-lite@0.4.24 want: >= 2.1.2 < 3
501 silly placeDep node_modules/pm2 safe-buffer@5.2.1 OK for: pidusage@3.0.2 want: ^5.2.1
502 silly placeDep node_modules/pm2 amp@0.3.1 OK for: pm2-axon@4.0.1 want: ~0.3.1
503 silly placeDep node_modules/pm2 amp-message@0.1.2 OK for: pm2-axon@4.0.1 want: ~0.1.1
504 silly placeDep node_modules/pm2 escape-string-regexp@4.0.0 OK for: pm2-axon@4.0.1 want: ^4.0.0
505 silly placeDep node_modules/pm2 run-series@1.1.9 OK for: pm2-deploy@1.0.2 want: ^1.1.8
506 silly placeDep node_modules/pm2 tv4@1.3.0 OK for: pm2-deploy@1.0.2 want: ^1.3.0
507 silly placeDep node_modules/pm2 charm@0.1.2 OK for: pm2-multimeter@0.1.2 want: ~0.1.1
508 silly placeDep node_modules/pm2/node_modules/pm2-sysmonit pidusage@2.0.21 OK for: pm2-sysmonit@1.2.8 want: ^2.0.21
509 silly placeDep node_modules/pm2 systeminformation@5.27.11 OK for: pm2-sysmonit@1.2.8 want: ^5.7
510 silly placeDep node_modules/pm2 tx2@1.0.5 OK for: pm2-sysmonit@1.2.8 want: ~1.0.4
511 silly fetch manifest json-stringify-safe@^5.0.1
512 silly packumentCache full:https://registry.npmjs.org/json-stringify-safe cache-miss
513 http cache https://registry.npmjs.org/json-stringify-safe 4ms (cache hit)
514 silly packumentCache full:https://registry.npmjs.org/json-stringify-safe set size:8806 disposed:false
515 silly placeDep node_modules/pm2 read@1.0.7 OK for: promptly@2.2.0 want: ^1.0.4
516 silly fetch manifest mute-stream@~0.0.4
517 silly packumentCache full:https://registry.npmjs.org/mute-stream cache-miss
518 http cache https://registry.npmjs.org/mute-stream 3ms (cache hit)
519 silly packumentCache full:https://registry.npmjs.org/mute-stream set size:21918 disposed:false
520 silly placeDep node_modules/pm2 agent-base@7.1.4 OK for: proxy-agent@6.4.0 want: ^7.0.2
521 silly placeDep node_modules/pm2 http-proxy-agent@7.0.2 OK for: proxy-agent@6.4.0 want: ^7.0.1
522 silly placeDep node_modules/pm2 https-proxy-agent@7.0.6 OK for: proxy-agent@6.4.0 want: ^7.0.3
523 silly placeDep node_modules/pm2 lru-cache@7.18.3 OK for: proxy-agent@6.4.0 want: ^7.14.1
524 silly placeDep node_modules/pm2 pac-proxy-agent@7.2.0 OK for: proxy-agent@6.4.0 want: ^7.0.1
525 silly placeDep node_modules/pm2 proxy-from-env@1.1.0 OK for: proxy-agent@6.4.0 want: ^1.1.0
526 silly placeDep node_modules/pm2 socks-proxy-agent@8.0.5 OK for: proxy-agent@6.4.0 want: ^8.0.2
527 silly fetch manifest @tootallnate/quickjs-emscripten@^0.23.0
528 silly packumentCache full:https://registry.npmjs.org/@tootallnate%2fquickjs-emscripten cache-miss
529 silly fetch manifest get-uri@^6.0.1
530 silly packumentCache full:https://registry.npmjs.org/get-uri cache-miss
531 http cache https://registry.npmjs.org/@tootallnate%2fquickjs-emscripten 11ms (cache hit)
532 silly packumentCache full:https://registry.npmjs.org/@tootallnate%2fquickjs-emscripten set size:27622 disposed:false
533 silly fetch manifest pac-resolver@^7.0.1
534 silly packumentCache full:https://registry.npmjs.org/pac-resolver cache-miss
535 http cache https://registry.npmjs.org/get-uri 13ms (cache hit)
536 silly packumentCache full:https://registry.npmjs.org/get-uri set size:57591 disposed:false
537 silly fetch manifest socks-proxy-agent@^8.0.5
538 silly packumentCache full:https://registry.npmjs.org/socks-proxy-agent cache-hit
539 silly fetch manifest socks@^2.8.3
540 silly packumentCache full:https://registry.npmjs.org/socks cache-miss
541 http cache https://registry.npmjs.org/pac-resolver 6ms (cache hit)
542 silly packumentCache full:https://registry.npmjs.org/pac-resolver set size:54112 disposed:false
543 http cache https://registry.npmjs.org/socks 6ms (cache hit)
544 silly packumentCache full:https://registry.npmjs.org/socks set size:168523 disposed:false
545 silly placeDep node_modules/pm2 @tootallnate/quickjs-emscripten@0.23.0 OK for: pac-proxy-agent@7.2.0 want: ^0.23.0
546 silly placeDep node_modules/pm2 get-uri@6.0.5 OK for: pac-proxy-agent@7.2.0 want: ^6.0.1
547 silly placeDep node_modules/pm2 pac-resolver@7.0.1 OK for: pac-proxy-agent@7.2.0 want: ^7.0.1
548 silly fetch manifest basic-ftp@^5.0.2
549 silly packumentCache full:https://registry.npmjs.org/basic-ftp cache-miss
550 silly fetch manifest data-uri-to-buffer@^6.0.2
551 silly packumentCache full:https://registry.npmjs.org/data-uri-to-buffer cache-miss
552 http cache https://registry.npmjs.org/data-uri-to-buffer 4ms (cache hit)
553 silly packumentCache full:https://registry.npmjs.org/data-uri-to-buffer set size:43253 disposed:false
554 silly fetch manifest degenerator@^5.0.0
555 silly packumentCache full:https://registry.npmjs.org/degenerator cache-miss
556 http cache https://registry.npmjs.org/basic-ftp 7ms (cache hit)
557 silly packumentCache full:https://registry.npmjs.org/basic-ftp set size:272247 disposed:false
558 silly fetch manifest netmask@^2.0.2
559 silly packumentCache full:https://registry.npmjs.org/netmask cache-miss
560 http cache https://registry.npmjs.org/degenerator 10ms (cache hit)
561 silly packumentCache full:https://registry.npmjs.org/degenerator set size:71179 disposed:false
562 http cache https://registry.npmjs.org/netmask 8ms (cache hit)
563 silly packumentCache full:https://registry.npmjs.org/netmask set size:21537 disposed:false
564 silly placeDep node_modules/pm2 basic-ftp@5.0.5 OK for: get-uri@6.0.5 want: ^5.0.2
565 silly placeDep node_modules/pm2 data-uri-to-buffer@6.0.2 OK for: get-uri@6.0.5 want: ^6.0.2
566 silly placeDep node_modules/pm2 degenerator@5.0.1 OK for: pac-resolver@7.0.1 want: ^5.0.0
567 silly placeDep node_modules/pm2 netmask@2.0.2 OK for: pac-resolver@7.0.1 want: ^2.0.2
568 silly fetch manifest ast-types@^0.13.4
569 silly packumentCache full:https://registry.npmjs.org/ast-types cache-miss
570 silly fetch manifest escodegen@^2.1.0
571 silly packumentCache full:https://registry.npmjs.org/escodegen cache-miss
572 http cache https://registry.npmjs.org/escodegen 5ms (cache hit)
573 silly packumentCache full:https://registry.npmjs.org/escodegen set size:119723 disposed:false
574 silly fetch manifest esprima@^4.0.1
575 silly packumentCache full:https://registry.npmjs.org/esprima cache-miss
576 http cache https://registry.npmjs.org/ast-types 11ms (cache hit)
577 silly packumentCache full:https://registry.npmjs.org/ast-types set size:443020 disposed:false
578 http cache https://registry.npmjs.org/esprima 13ms (cache hit)
579 silly packumentCache full:https://registry.npmjs.org/esprima set size:118410 disposed:false
580 silly placeDep node_modules/pm2 ast-types@0.13.4 OK for: degenerator@5.0.1 want: ^0.13.4
581 silly placeDep node_modules/pm2 escodegen@2.1.0 OK for: degenerator@5.0.1 want: ^2.1.0
582 silly placeDep node_modules/pm2 esprima@4.0.1 OK for: degenerator@5.0.1 want: ^4.0.1
583 silly fetch manifest tslib@^2.0.1
584 silly packumentCache full:https://registry.npmjs.org/tslib cache-hit
585 silly fetch manifest estraverse@^5.2.0
586 silly packumentCache full:https://registry.npmjs.org/estraverse cache-miss
587 silly fetch manifest esutils@^2.0.2
588 silly packumentCache full:https://registry.npmjs.org/esutils cache-miss
589 http cache https://registry.npmjs.org/estraverse 6ms (cache hit)
590 silly packumentCache full:https://registry.npmjs.org/estraverse set size:62412 disposed:false
591 silly fetch manifest source-map@~0.6.1
592 silly packumentCache full:https://registry.npmjs.org/source-map cache-hit
593 http cache https://registry.npmjs.org/esutils 8ms (cache hit)
594 silly packumentCache full:https://registry.npmjs.org/esutils set size:29522 disposed:false
595 silly placeDep node_modules/pm2/node_modules/ast-types tslib@2.8.1 OK for: ast-types@0.13.4 want: ^2.0.1
596 silly placeDep node_modules/pm2 estraverse@5.3.0 OK for: escodegen@2.1.0 want: ^5.2.0
597 silly placeDep node_modules/pm2 esutils@2.0.3 OK for: escodegen@2.1.0 want: ^2.0.2
598 silly placeDep node_modules/pm2 source-map@0.6.1 OK for: escodegen@2.1.0 want: ~0.6.1
599 silly placeDep node_modules/pm2 mute-stream@0.0.8 OK for: read@1.0.7 want: ~0.0.4
600 silly placeDep node_modules/pm2 module-details-from-path@1.0.4 OK for: require-in-the-middle@5.2.0 want: ^1.0.3
601 silly placeDep node_modules/pm2 resolve@1.22.11 OK for: require-in-the-middle@5.2.0 want: ^1.22.1
602 silly fetch manifest is-core-module@^2.16.1
603 silly packumentCache full:https://registry.npmjs.org/is-core-module cache-miss
604 silly fetch manifest path-parse@^1.0.7
605 silly packumentCache full:https://registry.npmjs.org/path-parse cache-miss
606 http cache https://registry.npmjs.org/is-core-module 5ms (cache hit)
607 silly packumentCache full:https://registry.npmjs.org/is-core-module set size:71788 disposed:false
608 silly fetch manifest supports-preserve-symlinks-flag@^1.0.0
609 silly packumentCache full:https://registry.npmjs.org/supports-preserve-symlinks-flag cache-miss
610 http cache https://registry.npmjs.org/path-parse 8ms (cache hit)
611 silly packumentCache full:https://registry.npmjs.org/path-parse set size:14523 disposed:false
612 http cache https://registry.npmjs.org/supports-preserve-symlinks-flag 4ms (cache hit)
613 silly packumentCache full:https://registry.npmjs.org/supports-preserve-symlinks-flag set size:6802 disposed:false
614 silly placeDep node_modules/pm2 is-core-module@2.16.1 OK for: resolve@1.22.11 want: ^2.16.1
615 silly placeDep node_modules/pm2 path-parse@1.0.7 OK for: resolve@1.22.11 want: ^1.0.7
616 silly placeDep node_modules/pm2 supports-preserve-symlinks-flag@1.0.0 OK for: resolve@1.22.11 want: ^1.0.0
617 silly fetch manifest hasown@^2.0.2
618 silly packumentCache full:https://registry.npmjs.org/hasown cache-miss
619 http cache https://registry.npmjs.org/hasown 3ms (cache hit)
620 silly packumentCache full:https://registry.npmjs.org/hasown set size:12476 disposed:false
621 silly placeDep node_modules/pm2 hasown@2.0.2 OK for: is-core-module@2.16.1 want: ^2.0.2
622 silly fetch manifest function-bind@^1.1.2
623 silly packumentCache full:https://registry.npmjs.org/function-bind cache-miss
624 http cache https://registry.npmjs.org/function-bind 3ms (cache hit)
625 silly packumentCache full:https://registry.npmjs.org/function-bind set size:15733 disposed:false
626 silly placeDep node_modules/pm2 function-bind@1.1.2 OK for: hasown@2.0.2 want: ^1.1.2
627 silly placeDep node_modules/pm2 socks@2.8.7 OK for: socks-proxy-agent@8.0.5 want: ^2.8.3
628 silly fetch manifest ip-address@^10.0.1
629 silly packumentCache full:https://registry.npmjs.org/ip-address cache-miss
630 silly fetch manifest smart-buffer@^4.2.0
631 silly packumentCache full:https://registry.npmjs.org/smart-buffer cache-miss
632 http cache https://registry.npmjs.org/ip-address 5ms (cache hit)
633 silly packumentCache full:https://registry.npmjs.org/ip-address set size:135050 disposed:false
634 http cache https://registry.npmjs.org/smart-buffer 7ms (cache hit)
635 silly packumentCache full:https://registry.npmjs.org/smart-buffer set size:87065 disposed:false
636 silly placeDep node_modules/pm2 ip-address@10.1.0 OK for: socks@2.8.7 want: ^10.0.1
637 silly placeDep node_modules/pm2 smart-buffer@4.2.0 OK for: socks@2.8.7 want: ^4.2.0
638 silly placeDep node_modules/pm2 buffer-from@1.1.2 OK for: source-map-support@0.5.21 want: ^1.0.0
639 silly placeDep node_modules/pm2 has-flag@4.0.0 OK for: supports-color@7.2.0 want: ^4.0.0
640 silly placeDep node_modules/pm2 is-number@7.0.0 OK for: to-regex-range@5.0.1 want: ^7.0.0
641 silly placeDep node_modules/pm2 json-stringify-safe@5.0.1 OK for: tx2@1.0.5 want: ^5.0.1
642 silly placeDep node_modules/pm2/node_modules/vizion async@2.6.4 OK for: vizion@2.2.1 want: ^2.6.3
643 silly placeDep node_modules/pm2 git-node-fs@1.0.0 OK for: vizion@2.2.1 want: ^1.0.0
644 silly placeDep node_modules/pm2 ini@1.3.8 OK for: vizion@2.2.1 want: ^1.3.5
645 silly placeDep node_modules/pm2 js-git@0.7.8 OK for: vizion@2.2.1 want: ^0.7.8
646 silly fetch manifest bodec@^0.1.0
647 silly packumentCache full:https://registry.npmjs.org/bodec cache-miss
648 silly fetch manifest culvert@^0.1.2
649 silly packumentCache full:https://registry.npmjs.org/culvert cache-miss
650 http cache https://registry.npmjs.org/bodec 5ms (cache hit)
651 silly packumentCache full:https://registry.npmjs.org/bodec set size:5489 disposed:false
652 silly fetch manifest git-sha1@^0.1.2
653 silly packumentCache full:https://registry.npmjs.org/git-sha1 cache-miss
654 http cache https://registry.npmjs.org/culvert 5ms (cache hit)
655 silly packumentCache full:https://registry.npmjs.org/culvert set size:6953 disposed:false
656 silly fetch manifest pako@^0.2.5
657 silly packumentCache full:https://registry.npmjs.org/pako cache-miss
658 http cache https://registry.npmjs.org/git-sha1 5ms (cache hit)
659 silly packumentCache full:https://registry.npmjs.org/git-sha1 set size:4199 disposed:false
660 http cache https://registry.npmjs.org/pako 5ms (cache hit)
661 silly packumentCache full:https://registry.npmjs.org/pako set size:74234 disposed:false
662 silly placeDep node_modules/pm2 bodec@0.1.0 OK for: js-git@0.7.8 want: ^0.1.0
663 silly placeDep node_modules/pm2 culvert@0.1.2 OK for: js-git@0.7.8 want: ^0.1.2
664 silly placeDep node_modules/pm2 git-sha1@0.1.2 OK for: js-git@0.7.8 want: ^0.1.2
665 silly placeDep node_modules/pm2 pako@0.2.9 OK for: js-git@0.7.8 want: ^0.2.5
666 silly placeDep node_modules/pm2/node_modules/@pm2/agent lru-cache@6.0.0 OK for: semver@7.5.4 want: ^6.0.0
667 silly fetch manifest yallist@^4.0.0
668 silly packumentCache full:https://registry.npmjs.org/yallist cache-miss
669 http cache https://registry.npmjs.org/yallist 3ms (cache hit)
670 silly packumentCache full:https://registry.npmjs.org/yallist set size:34610 disposed:false
671 silly placeDep node_modules/pm2 yallist@4.0.0 OK for: lru-cache@6.0.0 want: ^4.0.0
672 silly placeDep node_modules/pm2 lodash@4.17.21 OK for: async@2.6.4 want: ^4.17.14
673 silly placeDep node_modules/pm2/node_modules/@pm2/io lru-cache@6.0.0 OK for: semver@7.5.4 want: ^6.0.0
674 silly reify mark retired [
674 silly reify   '/usr/local/nvm/versions/node/v24.11.1/lib/node_modules/pm2',
674 silly reify   '/usr/local/nvm/versions/node/v24.11.1/bin/pm2',
674 silly reify   '/usr/local/nvm/versions/node/v24.11.1/bin/pm2-dev',
674 silly reify   '/usr/local/nvm/versions/node/v24.11.1/bin/pm2-docker',
674 silly reify   '/usr/local/nvm/versions/node/v24.11.1/bin/pm2-runtime'
674 silly reify ]
675 silly reify moves {
675 silly reify   '/usr/local/nvm/versions/node/v24.11.1/lib/node_modules/pm2': '/usr/local/nvm/versions/node/v24.11.1/lib/node_modules/.pm2-Ut522vh0',
675 silly reify   '/usr/local/nvm/versions/node/v24.11.1/bin/pm2': '/usr/local/nvm/versions/node/v24.11.1/bin/.pm2-kxjZYSC9',
675 silly reify   '/usr/local/nvm/versions/node/v24.11.1/bin/pm2-dev': '/usr/local/nvm/versions/node/v24.11.1/bin/.pm2-dev-MX4kGU4C',
675 silly reify   '/usr/local/nvm/versions/node/v24.11.1/bin/pm2-docker': '/usr/local/nvm/versions/node/v24.11.1/bin/.pm2-docker-fRs9bpMv',
675 silly reify   '/usr/local/nvm/versions/node/v24.11.1/bin/pm2-runtime': '/usr/local/nvm/versions/node/v24.11.1/bin/.pm2-runtime-V1Ua202Z'
675 silly reify }
676 http cache pm2@https://registry.npmjs.org/pm2/-/pm2-6.0.13.tgz 0ms (cache hit)
677 http cache @pm2/pm2-version-check@https://registry.npmjs.org/@pm2/pm2-version-check/-/pm2-version-check-1.0.4.tgz 0ms (cache hit)
678 http cache @tootallnate/quickjs-emscripten@https://registry.npmjs.org/@tootallnate/quickjs-emscripten/-/quickjs-emscripten-0.23.0.tgz 0ms (cache hit)
679 http cache @pm2/js-api@https://registry.npmjs.org/@pm2/js-api/-/js-api-0.8.0.tgz 0ms (cache hit)
680 http cache eventemitter2@https://registry.npmjs.org/eventemitter2/-/eventemitter2-6.4.9.tgz 0ms (cache hit)
681 http cache debug@https://registry.npmjs.org/debug/-/debug-4.3.7.tgz 0ms (cache hit)
682 http cache async@https://registry.npmjs.org/async/-/async-2.6.4.tgz 0ms (cache hit)
683 http cache @pm2/io@https://registry.npmjs.org/@pm2/io/-/io-6.1.0.tgz 0ms (cache hit)
684 http cache semver@https://registry.npmjs.org/semver/-/semver-7.5.4.tgz 0ms (cache hit)
685 http cache lru-cache@https://registry.npmjs.org/lru-cache/-/lru-cache-6.0.0.tgz 0ms (cache hit)
686 http cache eventemitter2@https://registry.npmjs.org/eventemitter2/-/eventemitter2-6.4.9.tgz 0ms (cache hit)
687 http cache debug@https://registry.npmjs.org/debug/-/debug-4.3.7.tgz 0ms (cache hit)
688 http cache async@https://registry.npmjs.org/async/-/async-2.6.4.tgz 0ms (cache hit)
689 http cache @pm2/agent@https://registry.npmjs.org/@pm2/agent/-/agent-2.1.1.tgz 0ms (cache hit)
690 http cache semver@https://registry.npmjs.org/semver/-/semver-7.5.4.tgz 0ms (cache hit)
691 http cache lru-cache@https://registry.npmjs.org/lru-cache/-/lru-cache-6.0.0.tgz 0ms (cache hit)
692 http cache debug@https://registry.npmjs.org/debug/-/debug-4.3.7.tgz 0ms (cache hit)
693 http cache dayjs@https://registry.npmjs.org/dayjs/-/dayjs-1.8.36.tgz 0ms (cache hit)
694 http cache @pm2/blessed@https://registry.npmjs.org/@pm2/blessed/-/blessed-0.1.81.tgz 0ms (cache hit)
695 http cache yallist@https://registry.npmjs.org/yallist/-/yallist-4.0.0.tgz 0ms (cache hit)
696 http cache ws@https://registry.npmjs.org/ws/-/ws-7.5.10.tgz 0ms (cache hit)
697 http cache vizion@https://registry.npmjs.org/vizion/-/vizion-2.2.1.tgz 0ms (cache hit)
698 http cache async@https://registry.npmjs.org/async/-/async-2.6.4.tgz 0ms (cache hit)
699 http cache tx2@https://registry.npmjs.org/tx2/-/tx2-1.0.5.tgz 0ms (cache hit)
700 http cache tv4@https://registry.npmjs.org/tv4/-/tv4-1.3.0.tgz 0ms (cache hit)
701 http cache tslib@https://registry.npmjs.org/tslib/-/tslib-1.9.3.tgz 0ms (cache hit)
702 http cache to-regex-range@https://registry.npmjs.org/to-regex-range/-/to-regex-range-5.0.1.tgz 0ms (cache hit)
703 http cache systeminformation@https://registry.npmjs.org/systeminformation/-/systeminformation-5.27.11.tgz 0ms (cache hit)
704 http cache supports-preserve-symlinks-flag@https://registry.npmjs.org/supports-preserve-symlinks-flag/-/supports-preserve-symlinks-flag-1.0.0.tgz 0ms (cache hit)
705 http cache supports-color@https://registry.npmjs.org/supports-color/-/supports-color-7.2.0.tgz 0ms (cache hit)
706 http cache sprintf-js@https://registry.npmjs.org/sprintf-js/-/sprintf-js-1.1.2.tgz 0ms (cache hit)
707 http cache source-map@https://registry.npmjs.org/source-map/-/source-map-0.6.1.tgz 0ms (cache hit)
708 http cache socks-proxy-agent@https://registry.npmjs.org/socks-proxy-agent/-/socks-proxy-agent-8.0.5.tgz 0ms (cache hit)
709 http cache socks@https://registry.npmjs.org/socks/-/socks-2.8.7.tgz 0ms (cache hit)
710 http cache smart-buffer@https://registry.npmjs.org/smart-buffer/-/smart-buffer-4.2.0.tgz 0ms (cache hit)
711 http cache signal-exit@https://registry.npmjs.org/signal-exit/-/signal-exit-3.0.7.tgz 0ms (cache hit)
712 http cache shimmer@https://registry.npmjs.org/shimmer/-/shimmer-1.2.1.tgz 0ms (cache hit)
713 http cache semver@https://registry.npmjs.org/semver/-/semver-7.7.2.tgz 0ms (cache hit)
714 http cache sax@https://registry.npmjs.org/sax/-/sax-1.4.3.tgz 0ms (cache hit)
715 http cache safer-buffer@https://registry.npmjs.org/safer-buffer/-/safer-buffer-2.1.2.tgz 0ms (cache hit)
716 http cache safe-buffer@https://registry.npmjs.org/safe-buffer/-/safe-buffer-5.2.1.tgz 0ms (cache hit)
717 http cache run-series@https://registry.npmjs.org/run-series/-/run-series-1.1.9.tgz 0ms (cache hit)
718 http cache resolve@https://registry.npmjs.org/resolve/-/resolve-1.22.11.tgz 0ms (cache hit)
719 http cache require-in-the-middle@https://registry.npmjs.org/require-in-the-middle/-/require-in-the-middle-5.2.0.tgz 0ms (cache hit)
720 http cache readdirp@https://registry.npmjs.org/readdirp/-/readdirp-3.6.0.tgz 0ms (cache hit)
721 http cache read@https://registry.npmjs.org/read/-/read-1.0.7.tgz 0ms (cache hit)
722 http cache proxy-agent@https://registry.npmjs.org/proxy-agent/-/proxy-agent-6.4.0.tgz 0ms (cache hit)
723 http cache proxy-from-env@https://registry.npmjs.org/proxy-from-env/-/proxy-from-env-1.1.0.tgz 0ms (cache hit)
724 http cache promptly@https://registry.npmjs.org/promptly/-/promptly-2.2.0.tgz 0ms (cache hit)
725 http cache pm2-sysmonit@https://registry.npmjs.org/pm2-sysmonit/-/pm2-sysmonit-1.2.8.tgz 0ms (cache hit)
726 http cache pm2-multimeter@https://registry.npmjs.org/pm2-multimeter/-/pm2-multimeter-0.1.2.tgz 0ms (cache hit)
727 http cache pidusage@https://registry.npmjs.org/pidusage/-/pidusage-2.0.21.tgz 0ms (cache hit)
728 http cache pm2-deploy@https://registry.npmjs.org/pm2-deploy/-/pm2-deploy-1.0.2.tgz 0ms (cache hit)
729 http cache pm2-axon-rpc@https://registry.npmjs.org/pm2-axon-rpc/-/pm2-axon-rpc-0.7.1.tgz 0ms (cache hit)
730 http cache pm2-axon@https://registry.npmjs.org/pm2-axon/-/pm2-axon-4.0.1.tgz 0ms (cache hit)
731 http cache pidusage@https://registry.npmjs.org/pidusage/-/pidusage-3.0.2.tgz 0ms (cache hit)
732 http cache picomatch@https://registry.npmjs.org/picomatch/-/picomatch-2.3.1.tgz 0ms (cache hit)
733 http cache path-parse@https://registry.npmjs.org/path-parse/-/path-parse-1.0.7.tgz 0ms (cache hit)
734 http cache pako@https://registry.npmjs.org/pako/-/pako-0.2.9.tgz 0ms (cache hit)
735 http cache pac-resolver@https://registry.npmjs.org/pac-resolver/-/pac-resolver-7.0.1.tgz 0ms (cache hit)
736 http cache pac-proxy-agent@https://registry.npmjs.org/pac-proxy-agent/-/pac-proxy-agent-7.2.0.tgz 0ms (cache hit)
737 http cache normalize-path@https://registry.npmjs.org/normalize-path/-/normalize-path-3.0.0.tgz 0ms (cache hit)
738 http cache netmask@https://registry.npmjs.org/netmask/-/netmask-2.0.2.tgz 0ms (cache hit)
739 http cache needle@https://registry.npmjs.org/needle/-/needle-2.4.0.tgz 0ms (cache hit)
740 http cache debug@https://registry.npmjs.org/debug/-/debug-3.2.7.tgz 0ms (cache hit)
741 http cache mute-stream@https://registry.npmjs.org/mute-stream/-/mute-stream-0.0.8.tgz 0ms (cache hit)
742 http cache ms@https://registry.npmjs.org/ms/-/ms-2.1.3.tgz 0ms (cache hit)
743 http cache module-details-from-path@https://registry.npmjs.org/module-details-from-path/-/module-details-from-path-1.0.4.tgz 0ms (cache hit)
744 http cache mkdirp@https://registry.npmjs.org/mkdirp/-/mkdirp-1.0.4.tgz 0ms (cache hit)
745 http cache lru-cache@https://registry.npmjs.org/lru-cache/-/lru-cache-7.18.3.tgz 0ms (cache hit)
746 http cache lodash@https://registry.npmjs.org/lodash/-/lodash-4.17.21.tgz 0ms (cache hit)
747 http cache json-stringify-safe@https://registry.npmjs.org/json-stringify-safe/-/json-stringify-safe-5.0.1.tgz 0ms (cache hit)
748 http cache js-yaml@https://registry.npmjs.org/js-yaml/-/js-yaml-4.1.0.tgz 0ms (cache hit)
749 http cache js-git@https://registry.npmjs.org/js-git/-/js-git-0.7.8.tgz 0ms (cache hit)
750 http cache is-number@https://registry.npmjs.org/is-number/-/is-number-7.0.0.tgz 0ms (cache hit)
751 http cache is-glob@https://registry.npmjs.org/is-glob/-/is-glob-4.0.3.tgz 0ms (cache hit)
752 http cache is-extglob@https://registry.npmjs.org/is-extglob/-/is-extglob-2.1.1.tgz 0ms (cache hit)
753 http cache is-core-module@https://registry.npmjs.org/is-core-module/-/is-core-module-2.16.1.tgz 0ms (cache hit)
754 http cache is-binary-path@https://registry.npmjs.org/is-binary-path/-/is-binary-path-2.1.0.tgz 0ms (cache hit)
755 http cache ip-address@https://registry.npmjs.org/ip-address/-/ip-address-10.1.0.tgz 0ms (cache hit)
756 http cache ini@https://registry.npmjs.org/ini/-/ini-1.3.8.tgz 0ms (cache hit)
757 http cache iconv-lite@https://registry.npmjs.org/iconv-lite/-/iconv-lite-0.4.24.tgz 0ms (cache hit)
758 http cache https-proxy-agent@https://registry.npmjs.org/https-proxy-agent/-/https-proxy-agent-7.0.6.tgz 0ms (cache hit)
759 http cache http-proxy-agent@https://registry.npmjs.org/http-proxy-agent/-/http-proxy-agent-7.0.2.tgz 0ms (cache hit)
760 http cache hasown@https://registry.npmjs.org/hasown/-/hasown-2.0.2.tgz 0ms (cache hit)
761 http cache has-flag@https://registry.npmjs.org/has-flag/-/has-flag-4.0.0.tgz 0ms (cache hit)
762 http cache glob-parent@https://registry.npmjs.org/glob-parent/-/glob-parent-5.1.2.tgz 0ms (cache hit)
763 http cache git-sha1@https://registry.npmjs.org/git-sha1/-/git-sha1-0.1.2.tgz 0ms (cache hit)
764 http cache get-uri@https://registry.npmjs.org/get-uri/-/get-uri-6.0.5.tgz 0ms (cache hit)
765 http cache git-node-fs@https://registry.npmjs.org/git-node-fs/-/git-node-fs-1.0.0.tgz 0ms (cache hit)
766 http cache function-bind@https://registry.npmjs.org/function-bind/-/function-bind-1.1.2.tgz 0ms (cache hit)
767 http cache follow-redirects@https://registry.npmjs.org/follow-redirects/-/follow-redirects-1.15.11.tgz 0ms (cache hit)
768 http cache fill-range@https://registry.npmjs.org/fill-range/-/fill-range-7.1.1.tgz 0ms (cache hit)
769 http cache fclone@https://registry.npmjs.org/fclone/-/fclone-1.0.11.tgz 0ms (cache hit)
770 http cache fast-json-patch@https://registry.npmjs.org/fast-json-patch/-/fast-json-patch-3.1.1.tgz 0ms (cache hit)
771 http cache extrareqp2@https://registry.npmjs.org/extrareqp2/-/extrareqp2-1.0.0.tgz 0ms (cache hit)
772 http cache eventemitter2@https://registry.npmjs.org/eventemitter2/-/eventemitter2-5.0.1.tgz 0ms (cache hit)
773 http cache esutils@https://registry.npmjs.org/esutils/-/esutils-2.0.3.tgz 0ms (cache hit)
774 http cache estraverse@https://registry.npmjs.org/estraverse/-/estraverse-5.3.0.tgz 0ms (cache hit)
775 http cache esprima@https://registry.npmjs.org/esprima/-/esprima-4.0.1.tgz 0ms (cache hit)
776 http cache escodegen@https://registry.npmjs.org/escodegen/-/escodegen-2.1.0.tgz 0ms (cache hit)
777 http cache escape-string-regexp@https://registry.npmjs.org/escape-string-regexp/-/escape-string-regexp-4.0.0.tgz 0ms (cache hit)
778 http cache enquirer@https://registry.npmjs.org/enquirer/-/enquirer-2.3.6.tgz 0ms (cache hit)
779 http cache degenerator@https://registry.npmjs.org/degenerator/-/degenerator-5.0.1.tgz 0ms (cache hit)
780 http cache debug@https://registry.npmjs.org/debug/-/debug-4.4.3.tgz 0ms (cache hit)
781 http cache dayjs@https://registry.npmjs.org/dayjs/-/dayjs-1.11.15.tgz 0ms (cache hit)
782 http cache data-uri-to-buffer@https://registry.npmjs.org/data-uri-to-buffer/-/data-uri-to-buffer-6.0.2.tgz 0ms (cache hit)
783 http cache culvert@https://registry.npmjs.org/culvert/-/culvert-0.1.2.tgz 0ms (cache hit)
784 http cache croner@https://registry.npmjs.org/croner/-/croner-4.1.97.tgz 0ms (cache hit)
785 http cache commander@https://registry.npmjs.org/commander/-/commander-2.15.1.tgz 0ms (cache hit)
786 http cache color-name@https://registry.npmjs.org/color-name/-/color-name-1.1.4.tgz 0ms (cache hit)
787 http cache color-convert@https://registry.npmjs.org/color-convert/-/color-convert-2.0.1.tgz 0ms (cache hit)
788 http cache cli-tableau@https://registry.npmjs.org/cli-tableau/-/cli-tableau-2.0.1.tgz 0ms (cache hit)
789 http cache chokidar@https://registry.npmjs.org/chokidar/-/chokidar-3.6.0.tgz 0ms (cache hit)
790 http cache charm@https://registry.npmjs.org/charm/-/charm-0.1.2.tgz 0ms (cache hit)
791 http cache buffer-from@https://registry.npmjs.org/buffer-from/-/buffer-from-1.1.2.tgz 0ms (cache hit)
792 http cache chalk@https://registry.npmjs.org/chalk/-/chalk-3.0.0.tgz 0ms (cache hit)
793 http cache bodec@https://registry.npmjs.org/bodec/-/bodec-0.1.0.tgz 0ms (cache hit)
794 http cache braces@https://registry.npmjs.org/braces/-/braces-3.0.3.tgz 0ms (cache hit)
795 http cache binary-extensions@https://registry.npmjs.org/binary-extensions/-/binary-extensions-2.3.0.tgz 0ms (cache hit)
796 http cache basic-ftp@https://registry.npmjs.org/basic-ftp/-/basic-ftp-5.0.5.tgz 0ms (cache hit)
797 http cache async@https://registry.npmjs.org/async/-/async-3.2.6.tgz 0ms (cache hit)
798 http cache ast-types@https://registry.npmjs.org/ast-types/-/ast-types-0.13.4.tgz 0ms (cache hit)
799 http cache tslib@https://registry.npmjs.org/tslib/-/tslib-2.8.1.tgz 0ms (cache hit)
800 http cache argparse@https://registry.npmjs.org/argparse/-/argparse-2.0.1.tgz 0ms (cache hit)
801 http cache anymatch@https://registry.npmjs.org/anymatch/-/anymatch-3.1.3.tgz 0ms (cache hit)
802 http cache ansis@https://registry.npmjs.org/ansis/-/ansis-4.0.0-node10.tgz 0ms (cache hit)
803 http cache ansi-colors@https://registry.npmjs.org/ansi-colors/-/ansi-colors-4.1.3.tgz 0ms (cache hit)
804 http cache ansi-styles@https://registry.npmjs.org/ansi-styles/-/ansi-styles-4.3.0.tgz 0ms (cache hit)
805 http cache amp-message@https://registry.npmjs.org/amp-message/-/amp-message-0.1.2.tgz 0ms (cache hit)
806 http cache amp@https://registry.npmjs.org/amp/-/amp-0.3.1.tgz 0ms (cache hit)
807 http cache source-map-support@https://registry.npmjs.org/source-map-support/-/source-map-support-0.5.21.tgz 0ms (cache hit)
808 http cache agent-base@https://registry.npmjs.org/agent-base/-/agent-base-7.1.4.tgz 0ms (cache hit)
809 silly CHANGE node_modules/pm2
810 silly CHANGE node_modules/pm2/node_modules/@tootallnate/quickjs-emscripten
811 silly CHANGE node_modules/pm2/node_modules/@pm2/pm2-version-check
812 silly CHANGE node_modules/pm2/node_modules/@pm2/js-api
813 silly CHANGE node_modules/pm2/node_modules/@pm2/js-api/node_modules/eventemitter2
814 silly CHANGE node_modules/pm2/node_modules/@pm2/js-api/node_modules/debug
815 silly CHANGE node_modules/pm2/node_modules/@pm2/js-api/node_modules/async
816 silly CHANGE node_modules/pm2/node_modules/@pm2/io
817 silly CHANGE node_modules/pm2/node_modules/@pm2/io/node_modules/semver
818 silly CHANGE node_modules/pm2/node_modules/@pm2/io/node_modules/lru-cache
819 silly CHANGE node_modules/pm2/node_modules/@pm2/io/node_modules/eventemitter2
820 silly CHANGE node_modules/pm2/node_modules/@pm2/io/node_modules/debug
821 silly CHANGE node_modules/pm2/node_modules/@pm2/io/node_modules/async
822 silly CHANGE node_modules/pm2/node_modules/@pm2/agent
823 silly CHANGE node_modules/pm2/node_modules/@pm2/agent/node_modules/semver
824 silly CHANGE node_modules/pm2/node_modules/@pm2/agent/node_modules/lru-cache
825 silly CHANGE node_modules/pm2/node_modules/@pm2/agent/node_modules/debug
826 silly CHANGE node_modules/pm2/node_modules/@pm2/agent/node_modules/dayjs
827 silly CHANGE node_modules/pm2/node_modules/@pm2/blessed
828 silly CHANGE node_modules/pm2/node_modules/yallist
829 silly CHANGE node_modules/pm2/node_modules/ws
830 silly CHANGE node_modules/pm2/node_modules/vizion
831 silly CHANGE node_modules/pm2/node_modules/vizion/node_modules/async
832 silly CHANGE node_modules/pm2/node_modules/tx2
833 silly CHANGE node_modules/pm2/node_modules/tv4
834 silly CHANGE node_modules/pm2/node_modules/tslib
835 silly CHANGE node_modules/pm2/node_modules/to-regex-range
836 silly CHANGE node_modules/pm2/node_modules/systeminformation
837 silly CHANGE node_modules/pm2/node_modules/supports-preserve-symlinks-flag
838 silly CHANGE node_modules/pm2/node_modules/supports-color
839 silly CHANGE node_modules/pm2/node_modules/sprintf-js
840 silly CHANGE node_modules/pm2/node_modules/source-map-support
841 silly CHANGE node_modules/pm2/node_modules/source-map
842 silly CHANGE node_modules/pm2/node_modules/socks-proxy-agent
843 silly CHANGE node_modules/pm2/node_modules/socks
844 silly CHANGE node_modules/pm2/node_modules/smart-buffer
845 silly CHANGE node_modules/pm2/node_modules/signal-exit
846 silly CHANGE node_modules/pm2/node_modules/shimmer
847 silly CHANGE node_modules/pm2/node_modules/semver
848 silly CHANGE node_modules/pm2/node_modules/sax
849 silly CHANGE node_modules/pm2/node_modules/safer-buffer
850 silly CHANGE node_modules/pm2/node_modules/safe-buffer
851 silly CHANGE node_modules/pm2/node_modules/run-series
852 silly CHANGE node_modules/pm2/node_modules/resolve
853 silly CHANGE node_modules/pm2/node_modules/require-in-the-middle
854 silly CHANGE node_modules/pm2/node_modules/readdirp
855 silly CHANGE node_modules/pm2/node_modules/read
856 silly CHANGE node_modules/pm2/node_modules/proxy-from-env
857 silly CHANGE node_modules/pm2/node_modules/proxy-agent
858 silly CHANGE node_modules/pm2/node_modules/promptly
859 silly CHANGE node_modules/pm2/node_modules/pm2-sysmonit
860 silly CHANGE node_modules/pm2/node_modules/pm2-sysmonit/node_modules/pidusage
861 silly CHANGE node_modules/pm2/node_modules/pm2-multimeter
862 silly CHANGE node_modules/pm2/node_modules/pm2-deploy
863 silly CHANGE node_modules/pm2/node_modules/pm2-axon-rpc
864 silly CHANGE node_modules/pm2/node_modules/pm2-axon
865 silly CHANGE node_modules/pm2/node_modules/pidusage
866 silly CHANGE node_modules/pm2/node_modules/picomatch
867 silly CHANGE node_modules/pm2/node_modules/path-parse
868 silly CHANGE node_modules/pm2/node_modules/pako
869 silly CHANGE node_modules/pm2/node_modules/pac-resolver
870 silly CHANGE node_modules/pm2/node_modules/pac-proxy-agent
871 silly CHANGE node_modules/pm2/node_modules/normalize-path
872 silly CHANGE node_modules/pm2/node_modules/netmask
873 silly CHANGE node_modules/pm2/node_modules/needle
874 silly CHANGE node_modules/pm2/node_modules/needle/node_modules/debug
875 silly CHANGE node_modules/pm2/node_modules/mute-stream
876 silly CHANGE node_modules/pm2/node_modules/ms
877 silly CHANGE node_modules/pm2/node_modules/module-details-from-path
878 silly CHANGE node_modules/pm2/node_modules/mkdirp
879 silly CHANGE node_modules/pm2/node_modules/lru-cache
880 silly CHANGE node_modules/pm2/node_modules/lodash
881 silly CHANGE node_modules/pm2/node_modules/json-stringify-safe
882 silly CHANGE node_modules/pm2/node_modules/js-yaml
883 silly CHANGE node_modules/pm2/node_modules/js-git
884 silly CHANGE node_modules/pm2/node_modules/is-number
885 silly CHANGE node_modules/pm2/node_modules/is-glob
886 silly CHANGE node_modules/pm2/node_modules/is-extglob
887 silly CHANGE node_modules/pm2/node_modules/is-core-module
888 silly CHANGE node_modules/pm2/node_modules/is-binary-path
889 silly CHANGE node_modules/pm2/node_modules/ip-address
890 silly CHANGE node_modules/pm2/node_modules/ini
891 silly CHANGE node_modules/pm2/node_modules/iconv-lite
892 silly CHANGE node_modules/pm2/node_modules/https-proxy-agent
893 silly CHANGE node_modules/pm2/node_modules/http-proxy-agent
894 silly CHANGE node_modules/pm2/node_modules/hasown
895 silly CHANGE node_modules/pm2/node_modules/has-flag
896 silly CHANGE node_modules/pm2/node_modules/glob-parent
897 silly CHANGE node_modules/pm2/node_modules/git-sha1
898 silly CHANGE node_modules/pm2/node_modules/git-node-fs
899 silly CHANGE node_modules/pm2/node_modules/get-uri
900 silly CHANGE node_modules/pm2/node_modules/function-bind
901 silly CHANGE node_modules/pm2/node_modules/follow-redirects
902 silly CHANGE node_modules/pm2/node_modules/fill-range
903 silly CHANGE node_modules/pm2/node_modules/fclone
904 silly CHANGE node_modules/pm2/node_modules/fast-json-patch
905 silly CHANGE node_modules/pm2/node_modules/extrareqp2
906 silly CHANGE node_modules/pm2/node_modules/eventemitter2
907 silly CHANGE node_modules/pm2/node_modules/esutils
908 silly CHANGE node_modules/pm2/node_modules/estraverse
909 silly CHANGE node_modules/pm2/node_modules/esprima
910 silly CHANGE node_modules/pm2/node_modules/escodegen
911 silly CHANGE node_modules/pm2/node_modules/escape-string-regexp
912 silly CHANGE node_modules/pm2/node_modules/enquirer
913 silly CHANGE node_modules/pm2/node_modules/degenerator
914 silly CHANGE node_modules/pm2/node_modules/debug
915 silly CHANGE node_modules/pm2/node_modules/dayjs
916 silly CHANGE node_modules/pm2/node_modules/data-uri-to-buffer
917 silly CHANGE node_modules/pm2/node_modules/culvert
918 silly CHANGE node_modules/pm2/node_modules/croner
919 silly CHANGE node_modules/pm2/node_modules/commander
920 silly CHANGE node_modules/pm2/node_modules/color-name
921 silly CHANGE node_modules/pm2/node_modules/color-convert
922 silly CHANGE node_modules/pm2/node_modules/cli-tableau
923 silly CHANGE node_modules/pm2/node_modules/chokidar
924 silly CHANGE node_modules/pm2/node_modules/charm
925 silly CHANGE node_modules/pm2/node_modules/buffer-from
926 silly CHANGE node_modules/pm2/node_modules/chalk
927 silly CHANGE node_modules/pm2/node_modules/braces
928 silly CHANGE node_modules/pm2/node_modules/bodec
929 silly CHANGE node_modules/pm2/node_modules/binary-extensions
930 silly CHANGE node_modules/pm2/node_modules/basic-ftp
931 silly CHANGE node_modules/pm2/node_modules/async
932 silly CHANGE node_modules/pm2/node_modules/ast-types
933 silly CHANGE node_modules/pm2/node_modules/ast-types/node_modules/tslib
934 silly CHANGE node_modules/pm2/node_modules/argparse
935 silly CHANGE node_modules/pm2/node_modules/anymatch
936 silly CHANGE node_modules/pm2/node_modules/ansis
937 silly CHANGE node_modules/pm2/node_modules/ansi-styles
938 silly CHANGE node_modules/pm2/node_modules/ansi-colors
939 silly CHANGE node_modules/pm2/node_modules/amp-message
940 silly CHANGE node_modules/pm2/node_modules/amp
941 silly CHANGE node_modules/pm2/node_modules/agent-base
942 verbose cwd /home/escaladorbrunocosta
943 verbose os Linux 6.6.111+
944 verbose node v24.11.1
945 verbose npm  v11.6.2
946 verbose exit 0
947 info ok
