0 verbose cli /usr/local/nvm/versions/node/v24.11.1/bin/node /usr/local/nvm/versions/node/v24.11.1/bin/npm
1 info using npm@11.6.2
2 info using node@v24.11.1
3 silly config load:file:/usr/local/nvm/versions/node/v24.11.1/lib/node_modules/npm/npmrc
4 silly config load:file:/home/escaladorbrunocosta/.npmrc
5 silly config load:file:/usr/local/nvm/versions/node/v24.11.1/etc/npmrc
6 verbose title npm init
7 verbose argv "init" "--yes"
8 verbose logfile logs-max:10 dir:/home/escaladorbrunocosta/.npm/_logs/2025-11-23T14_10_53_773Z-
9 verbose logfile /home/escaladorbrunocosta/.npm/_logs/2025-11-23T14_10_53_773Z-debug-0.log
10 silly logfile start cleaning logs, removing 1 files
11 silly logfile done cleaning log files
12 silly package data {
12 silly package data   name: 'whatsapp-bot-uninter',
12 silly package data   version: '1.0.0',
12 silly package data   description: 'WhatsApp Bot for Uninter Polo Caratinga',
12 silly package data   main: 'index.js',
12 silly package data   scripts: { start: 'node index.js' },
12 silly package data   author: '',
12 silly package data   license: 'ISC',
12 silly package data   dependencies: { 'qrcode-terminal': '^0.12.0', 'whatsapp-web.js': '^1.34.2' },
12 silly package data   devDependencies: {},
12 silly package data   keywords: [],
12 silly package data   type: 'commonjs',
12 silly package data   Symbol(newline): '\n',
12 silly package data   Symbol(indent): '  '
12 silly package data }
13 verbose cwd /home/escaladorbrunocosta
14 verbose os Linux 6.6.111+
15 verbose node v24.11.1
16 verbose npm  v11.6.2
17 verbose exit 0
18 info ok
