0 verbose cli /usr/local/nvm/versions/node/v24.11.1/bin/node /usr/local/nvm/versions/node/v24.11.1/bin/npm
1 info using npm@11.6.2
2 info using node@v24.11.1
3 silly config load:file:/usr/local/nvm/versions/node/v24.11.1/lib/node_modules/npm/npmrc
4 silly config load:file:/home/escaladorbrunocosta/.npmrc
5 silly config load:file:/usr/local/nvm/versions/node/v24.11.1/etc/npmrc
6 verbose title npm install
7 verbose argv "install"
8 verbose logfile logs-max:10 dir:/home/escaladorbrunocosta/.npm/_logs/2025-11-23T14_11_36_943Z-
9 verbose logfile /home/escaladorbrunocosta/.npm/_logs/2025-11-23T14_11_36_943Z-debug-0.log
10 silly logfile start cleaning logs, removing 1 files
11 silly logfile done cleaning log files
12 silly packumentCache heap:2348810240 maxSize:587202560 maxEntrySize:293601280
13 verbose stack JSONParseError: Invalid package.json: JSONParseError: Unexpected non-whitespace character after JSON at position 353 (line 20 column 2) while parsing near "...js\": \"^1.23.0\"\n  }\n}{\n  \"name\": \"whatsap..."
13 verbose stack     at parse (/usr/local/nvm/versions/node/v24.11.1/lib/node_modules/npm/node_modules/@npmcli/package-json/lib/read-package.js:19:21)
13 verbose stack     at PackageJson.fromJSON (/usr/local/nvm/versions/node/v24.11.1/lib/node_modules/npm/node_modules/@npmcli/package-json/lib/index.js:162:22)
13 verbose stack     at PackageJson.load (/usr/local/nvm/versions/node/v24.11.1/lib/node_modules/npm/node_modules/@npmcli/package-json/lib/index.js:157:17)
13 verbose stack     at async PackageJson.normalize (/usr/local/nvm/versions/node/v24.11.1/lib/node_modules/npm/node_modules/@npmcli/package-json/lib/index.js:117:5)
13 verbose stack     at async #initTree (/usr/local/nvm/versions/node/v24.11.1/lib/node_modules/npm/node_modules/@npmcli/arborist/lib/arborist/build-ideal-tree.js:284:34)
13 verbose stack     at async Arborist.buildIdealTree (/usr/local/nvm/versions/node/v24.11.1/lib/node_modules/npm/node_modules/@npmcli/arborist/lib/arborist/build-ideal-tree.js:179:7)
13 verbose stack     at async Promise.all (index 1)
13 verbose stack     at async Arborist.reify (/usr/local/nvm/versions/node/v24.11.1/lib/node_modules/npm/node_modules/@npmcli/arborist/lib/arborist/reify.js:114:5)
13 verbose stack     at async Install.exec (/usr/local/nvm/versions/node/v24.11.1/lib/node_modules/npm/lib/commands/install.js:150:5)
13 verbose stack     at async Npm.exec (/usr/local/nvm/versions/node/v24.11.1/lib/node_modules/npm/lib/npm.js:208:9)
14 error code EJSONPARSE
15 error JSON.parse Invalid package.json: JSONParseError: Unexpected non-whitespace character after JSON at position 353 (line 20 column 2) while parsing near "...js\": \"^1.23.0\"\n  }\n}{\n  \"name\": \"whatsap..."
16 error JSON.parse Failed to parse JSON data.
16 error JSON.parse Note: package.json must be actual JSON, not just JavaScript.
17 silly unfinished npm timer reify 1763907097313
18 silly unfinished npm timer reify:loadTrees 1763907097321
19 silly unfinished npm timer idealTree:init 1763907097323
20 verbose cwd /home/escaladorbrunocosta
21 verbose os Linux 6.6.111+
22 verbose node v24.11.1
23 verbose npm  v11.6.2
24 verbose exit 1
25 verbose code 1
26 error A complete log of this run can be found in: /home/escaladorbrunocosta/.npm/_logs/2025-11-23T14_11_36_943Z-debug-0.log
